<?xml version="1.0" encoding="UTF-8"?>
<testsuite xmlns:xsi="http://www.w3.org/2001/XMLSchema-instance" xsi:noNamespaceSchemaLocation="https://maven.apache.org/surefire/maven-surefire-plugin/xsd/surefire-test-report.xsd" name="com.xuecheng.manage_cms.CmsPageRepositoryTest" time="0.109" tests="3" errors="0" skipped="0" failures="0">
  <properties>
[...]
</properties>
  <testcase name="update" classname="com.xuecheng.manage_cms.CmsPageRepositoryTest" time="0.071"/>
  <testcase name="findList" classname="com.xuecheng.manage_cms.CmsPageRepositoryTest" time="0.028"/>
  <testcase name="save" classname="com.xuecheng.manage_cms.CmsPageRepositoryTest" time="0.005"/>
</testsuite>