<?xml version="1.0" encoding="UTF-8"?>
<testsuite xmlns:xsi="http://www.w3.org/2001/XMLSchema-instance" xsi:noNamespaceSchemaLocation="https://maven.apache.org/surefire/maven-surefire-plugin/xsd/surefire-test-report.xsd" name="com.xuecheng.manage_cms.CmsConfigRepositoryTest" time="7.919" tests="1" errors="1" skipped="0" failures="0">
  <properties>
[...]
</properties>
  <testcase name="test1" classname="com.xuecheng.manage_cms.CmsConfigRepositoryTest" time="2.159">
    <error message="I/O error on GET request for &quot;http://localhost:31001/cms/config/getModel/5a791725dd573c3574ee333f&quot;: Failed to connect to localhost/0:0:0:0:0:0:0:1:31001; nested exception is java.net.ConnectException: Failed to connect to localhost/0:0:0:0:0:0:0:1:31001" type="org.springframework.web.client.ResourceAccessException">org.springframework.web.client.ResourceAccessException: I/O error on GET request for "http://localhost:31001/cms/config/getModel/5a791725dd573c3574ee333f": Failed to connect to localhost/0:0:0:0:0:0:0:1:31001; nested exception is java.net.ConnectException: Failed to connect to localhost/0:0:0:0:0:0:0:1:31001
	at com.xuecheng.manage_cms.CmsConfigRepositoryTest.test1(CmsConfigRepositoryTest.java:22)
Caused by: java.net.ConnectException: Failed to connect to localhost/0:0:0:0:0:0:0:1:31001
	at com.xuecheng.manage_cms.CmsConfigRepositoryTest.test1(CmsConfigRepositoryTest.java:22)
Caused by: java.net.ConnectException: Connection refused: connect
	at com.xuecheng.manage_cms.CmsConfigRepositoryTest.test1(CmsConfigRepositoryTest.java:22)
</error>
    <system-out><![CDATA[14:42:20.182 [main] DEBUG org.springframework.test.context.junit4.SpringJUnit4ClassRunner - SpringJUnit4ClassRunner constructor called with [class com.xuecheng.manage_cms.CmsConfigRepositoryTest]
14:42:20.187 [main] DEBUG org.springframework.test.context.BootstrapUtils - Instantiating CacheAwareContextLoaderDelegate from class [org.springframework.test.context.cache.DefaultCacheAwareContextLoaderDelegate]
14:42:20.194 [main] DEBUG org.springframework.test.context.BootstrapUtils - Instantiating BootstrapContext using constructor [public org.springframework.test.context.support.DefaultBootstrapContext(java.lang.Class,org.springframework.test.context.CacheAwareContextLoaderDelegate)]
14:42:20.210 [main] DEBUG org.springframework.test.context.BootstrapUtils - Instantiating TestContextBootstrapper for test class [com.xuecheng.manage_cms.CmsConfigRepositoryTest] from class [org.springframework.boot.test.context.SpringBootTestContextBootstrapper]
14:42:20.221 [main] INFO org.springframework.boot.test.context.SpringBootTestContextBootstrapper - Neither @ContextConfiguration nor @ContextHierarchy found for test class [com.xuecheng.manage_cms.CmsConfigRepositoryTest], using SpringBootContextLoader
14:42:20.224 [main] DEBUG org.springframework.test.context.support.AbstractContextLoader - Did not detect default resource location for test class [com.xuecheng.manage_cms.CmsConfigRepositoryTest]: class path resource [com/xuecheng/manage_cms/CmsConfigRepositoryTest-context.xml] does not exist
14:42:20.225 [main] DEBUG org.springframework.test.context.support.AbstractContextLoader - Did not detect default resource location for test class [com.xuecheng.manage_cms.CmsConfigRepositoryTest]: class path resource [com/xuecheng/manage_cms/CmsConfigRepositoryTestContext.groovy] does not exist
14:42:20.225 [main] INFO org.springframework.test.context.support.AbstractContextLoader - Could not detect default resource locations for test class [com.xuecheng.manage_cms.CmsConfigRepositoryTest]: no resource found for suffixes {-context.xml, Context.groovy}.
14:42:20.226 [main] INFO org.springframework.test.context.support.AnnotationConfigContextLoaderUtils - Could not detect default configuration classes for test class [com.xuecheng.manage_cms.CmsConfigRepositoryTest]: CmsConfigRepositoryTest does not declare any static, non-private, non-final, nested classes annotated with @Configuration.
14:42:20.258 [main] DEBUG org.springframework.test.context.support.ActiveProfilesUtils - Could not find an 'annotation declaring class' for annotation type [org.springframework.test.context.ActiveProfiles] and class [com.xuecheng.manage_cms.CmsConfigRepositoryTest]
14:42:20.265 [main] DEBUG org.springframework.core.env.StandardEnvironment - Adding PropertySource 'systemProperties' with lowest search precedence
14:42:20.266 [main] DEBUG org.springframework.core.env.StandardEnvironment - Adding PropertySource 'systemEnvironment' with lowest search precedence
14:42:20.266 [main] DEBUG org.springframework.core.env.StandardEnvironment - Initialized StandardEnvironment with PropertySources [MapPropertySource@436546048 {name='systemProperties', properties={idea.version=2018.3.4, java.runtime.name=Java(TM) SE Runtime Environment, sun.boot.library.path=D:\develop\Java\jdk1.8\jre\bin, java.vm.version=25.201-b09, java.vm.vendor=Oracle Corporation, java.vendor.url=http://java.oracle.com/, path.separator=;, java.vm.name=Java HotSpot(TM) 64-Bit Server VM, file.encoding.pkg=sun.io, user.country=CN, user.script=, sun.java.launcher=SUN_STANDARD, sun.os.patch.level=, java.vm.specification.name=Java Virtual Machine Specification, user.dir=D:\develop\workspace\XC\XcEduCode01\xc-service-manage-cms, java.runtime.version=1.8.0_201-b09, basedir=D:\develop\workspace\XC\XcEduCode01\xc-service-manage-cms, java.awt.graphicsenv=sun.awt.Win32GraphicsEnvironment, java.endorsed.dirs=D:\develop\Java\jdk1.8\jre\lib\endorsed, os.arch=amd64, surefire.real.class.path=C:\Users\89242\AppData\Local\Temp\surefire6617365025792665209\surefirebooter5036665214877865386.jar, java.io.tmpdir=C:\Users\89242\AppData\Local\Temp\, line.separator=
, java.vm.specification.vendor=Oracle Corporation, user.variant=, os.name=Windows 10, sun.jnu.encoding=GBK, java.library.path=D:\develop\Java\jdk1.8\jre\bin;C:\Windows\Sun\Java\bin;C:\Windows\system32;C:\Windows;D:\develop\apache-maven-3.5.2\bin;C:\Program Files (x86)\Common Files\Oracle\Java\javapath;C:\Program Files (x86)\Intel\iCLS Client\;C:\Program Files\Intel\iCLS Client\;C:\Windows\system32;C:\Windows;C:\Windows\System32\Wbem;C:\Windows\System32\WindowsPowerShell\v1.0\;C:\Program Files (x86)\Intel\Intel(R) Management Engine Components\DAL;C:\Program Files\Intel\Intel(R) Management Engine Components\DAL;C:\Program Files (x86)\Intel\Intel(R) Management Engine Components\IPT;C:\Program Files\Intel\Intel(R) Management Engine Components\IPT;C:\Program Files (x86)\NVIDIA Corporation\PhysX\Common;C:\Program Files\Intel\WiFi\bin\;C:\Program Files\Common Files\Intel\WirelessCommon\;D:\develop\Java\jdk1.8\bin;D:\develop\mysql\bin;D:\develop\Git\cmd;D:\develop\TortoiiseGit\bin;D:\develop\svn\bin;D:\develop\TortoiiseSVN\bin;%NODE_HOME%\npm_modules;D:\develop\nodejs\;C:\Users\89242\AppData\Local\Microsoft\WindowsApps;;D:\develop\IntelliJ IDEA 2018.3.4\bin;;d:\develop\Microsoft VS Code\bin;C:\Users\89242\AppData\Roaming\npm;., surefire.test.class.path=D:\develop\workspace\XC\XcEduCode01\xc-service-manage-cms\target\test-classes;D:\develop\workspace\XC\XcEduCode01\xc-service-manage-cms\target\classes;D:\develop\apache-maven-3.5.2\maven_repository\com\xuecheng\xc-service-api\1.0-SNAPSHOT\xc-service-api-1.0-SNAPSHOT.jar;D:\develop\apache-maven-3.5.2\maven_repository\commons-fileupload\commons-fileupload\1.3.3\commons-fileupload-1.3.3.jar;D:\develop\apache-maven-3.5.2\maven_repository\io\springfox\springfox-swagger2\2.7.0\springfox-swagger2-2.7.0.jar;D:\develop\apache-maven-3.5.2\maven_repository\io\swagger\swagger-annotations\1.5.13\swagger-annotations-1.5.13.jar;D:\develop\apache-maven-3.5.2\maven_repository\io\swagger\swagger-models\1.5.13\swagger-models-1.5.13.jar;D:\develop\apache-maven-3.5.2\maven_repository\com\fasterxml\jackson\core\jackson-annotations\2.9.0\jackson-annotations-2.9.0.jar;D:\develop\apache-maven-3.5.2\maven_repository\io\springfox\springfox-spi\2.7.0\springfox-spi-2.7.0.jar;D:\develop\apache-maven-3.5.2\maven_repository\io\springfox\springfox-core\2.7.0\springfox-core-2.7.0.jar;D:\develop\apache-maven-3.5.2\maven_repository\io\springfox\springfox-schema\2.7.0\springfox-schema-2.7.0.jar;D:\develop\apache-maven-3.5.2\maven_repository\io\springfox\springfox-swagger-common\2.7.0\springfox-swagger-common-2.7.0.jar;D:\develop\apache-maven-3.5.2\maven_repository\io\springfox\springfox-spring-web\2.7.0\springfox-spring-web-2.7.0.jar;D:\develop\apache-maven-3.5.2\maven_repository\org\reflections\reflections\0.9.11\reflections-0.9.11.jar;D:\develop\apache-maven-3.5.2\maven_repository\com\fasterxml\classmate\1.3.4\classmate-1.3.4.jar;D:\develop\apache-maven-3.5.2\maven_repository\org\slf4j\slf4j-api\1.7.25\slf4j-api-1.7.25.jar;D:\develop\apache-maven-3.5.2\maven_repository\org\springframework\plugin\spring-plugin-core\1.2.0.RELEASE\spring-plugin-core-1.2.0.RELEASE.jar;D:\develop\apache-maven-3.5.2\maven_repository\org\springframework\plugin\spring-plugin-metadata\1.2.0.RELEASE\spring-plugin-metadata-1.2.0.RELEASE.jar;D:\develop\apache-maven-3.5.2\maven_repository\org\mapstruct\mapstruct\1.1.0.Final\mapstruct-1.1.0.Final.jar;D:\develop\apache-maven-3.5.2\maven_repository\io\springfox\springfox-swagger-ui\2.7.0\springfox-swagger-ui-2.7.0.jar;D:\develop\apache-maven-3.5.2\maven_repository\com\alibaba\fastjson\1.2.30\fastjson-1.2.30.jar;D:\develop\apache-maven-3.5.2\maven_repository\commons-io\commons-io\2.6\commons-io-2.6.jar;D:\develop\apache-maven-3.5.2\maven_repository\org\apache\commons\commons-lang3\3.6\commons-lang3-3.6.jar;D:\develop\apache-maven-3.5.2\maven_repository\com\xuecheng\xc-framework-model\1.0-SNAPSHOT\xc-framework-model-1.0-SNAPSHOT.jar;D:\develop\apache-maven-3.5.2\maven_repository\org\projectlombok\lombok\1.16.16\lombok-1.16.16.jar;D:\develop\apache-maven-3.5.2\maven_repository\org\springframework\data\spring-data-commons\2.0.6.RELEASE\spring-data-commons-2.0.6.RELEASE.jar;D:\develop\apache-maven-3.5.2\maven_repository\org\springframework\spring-beans\5.0.5.RELEASE\spring-beans-5.0.5.RELEASE.jar;D:\develop\apache-maven-3.5.2\maven_repository\org\springframework\data\spring-data-mongodb\2.0.6.RELEASE\spring-data-mongodb-2.0.6.RELEASE.jar;D:\develop\apache-maven-3.5.2\maven_repository\org\springframework\spring-tx\5.0.5.RELEASE\spring-tx-5.0.5.RELEASE.jar;D:\develop\apache-maven-3.5.2\maven_repository\org\springframework\spring-context\5.0.5.RELEASE\spring-context-5.0.5.RELEASE.jar;D:\develop\apache-maven-3.5.2\maven_repository\org\springframework\spring-expression\5.0.5.RELEASE\spring-expression-5.0.5.RELEASE.jar;D:\develop\apache-maven-3.5.2\maven_repository\org\mongodb\mongo-java-driver\3.6.3\mongo-java-driver-3.6.3.jar;D:\develop\apache-maven-3.5.2\maven_repository\org\hibernate\hibernate-core\5.2.16.Final\hibernate-core-5.2.16.Final.jar;D:\develop\apache-maven-3.5.2\maven_repository\org\jboss\logging\jboss-logging\3.3.2.Final\jboss-logging-3.3.2.Final.jar;D:\develop\apache-maven-3.5.2\maven_repository\org\hibernate\javax\persistence\hibernate-jpa-2.1-api\1.0.0.Final\hibernate-jpa-2.1-api-1.0.0.Final.jar;D:\develop\apache-maven-3.5.2\maven_repository\org\javassist\javassist\3.22.0-GA\javassist-3.22.0-GA.jar;D:\develop\apache-maven-3.5.2\maven_repository\antlr\antlr\2.7.7\antlr-2.7.7.jar;D:\develop\apache-maven-3.5.2\maven_repository\org\jboss\spec\javax\transaction\jboss-transaction-api_1.2_spec\1.0.1.Final\jboss-transaction-api_1.2_spec-1.0.1.Final.jar;D:\develop\apache-maven-3.5.2\maven_repository\org\jboss\jandex\2.0.3.Final\jandex-2.0.3.Final.jar;D:\develop\apache-maven-3.5.2\maven_repository\dom4j\dom4j\1.6.1\dom4j-1.6.1.jar;D:\develop\apache-maven-3.5.2\maven_repository\org\hibernate\common\hibernate-commons-annotations\5.0.1.Final\hibernate-commons-annotations-5.0.1.Final.jar;D:\develop\apache-maven-3.5.2\maven_repository\com\google\guava\guava\24.0-jre\guava-24.0-jre.jar;D:\develop\apache-maven-3.5.2\maven_repository\com\google\code\findbugs\jsr305\1.3.9\jsr305-1.3.9.jar;D:\develop\apache-maven-3.5.2\maven_repository\org\checkerframework\checker-compat-qual\2.0.0\checker-compat-qual-2.0.0.jar;D:\develop\apache-maven-3.5.2\maven_repository\com\google\errorprone\error_prone_annotations\2.1.3\error_prone_annotations-2.1.3.jar;D:\develop\apache-maven-3.5.2\maven_repository\com\google\j2objc\j2objc-annotations\1.1\j2objc-annotations-1.1.jar;D:\develop\apache-maven-3.5.2\maven_repository\org\codehaus\mojo\animal-sniffer-annotations\1.14\animal-sniffer-annotations-1.14.jar;D:\develop\apache-maven-3.5.2\maven_repository\com\xuecheng\xc-framework-utils\1.0-SNAPSHOT\xc-framework-utils-1.0-SNAPSHOT.jar;D:\develop\apache-maven-3.5.2\maven_repository\javax\servlet\javax.servlet-api\3.1.0\javax.servlet-api-3.1.0.jar;D:\develop\apache-maven-3.5.2\maven_repository\org\springframework\boot\spring-boot-starter-logging\2.0.1.RELEASE\spring-boot-starter-logging-2.0.1.RELEASE.jar;D:\develop\apache-maven-3.5.2\maven_repository\ch\qos\logback\logback-classic\1.2.3\logback-classic-1.2.3.jar;D:\develop\apache-maven-3.5.2\maven_repository\ch\qos\logback\logback-core\1.2.3\logback-core-1.2.3.jar;D:\develop\apache-maven-3.5.2\maven_repository\org\apache\logging\log4j\log4j-to-slf4j\2.10.0\log4j-to-slf4j-2.10.0.jar;D:\develop\apache-maven-3.5.2\maven_repository\org\apache\logging\log4j\log4j-api\2.10.0\log4j-api-2.10.0.jar;D:\develop\apache-maven-3.5.2\maven_repository\org\slf4j\jul-to-slf4j\1.7.25\jul-to-slf4j-1.7.25.jar;D:\develop\apache-maven-3.5.2\maven_repository\org\apache\httpcomponents\httpclient\4.5.5\httpclient-4.5.5.jar;D:\develop\apache-maven-3.5.2\maven_repository\org\apache\httpcomponents\httpcore\4.4.9\httpcore-4.4.9.jar;D:\develop\apache-maven-3.5.2\maven_repository\commons-codec\commons-codec\1.10\commons-codec-1.10.jar;D:\develop\apache-maven-3.5.2\maven_repository\net\lingala\zip4j\zip4j\1.3.1\zip4j-1.3.1.jar;D:\develop\apache-maven-3.5.2\maven_repository\org\springframework\security\spring-security-crypto\5.0.4.RELEASE\spring-security-crypto-5.0.4.RELEASE.jar;D:\develop\apache-maven-3.5.2\maven_repository\org\springframework\security\spring-security-jwt\1.0.8.RELEASE\spring-security-jwt-1.0.8.RELEASE.jar;D:\develop\apache-maven-3.5.2\maven_repository\org\bouncycastle\bcpkix-jdk15on\1.56\bcpkix-jdk15on-1.56.jar;D:\develop\apache-maven-3.5.2\maven_repository\org\bouncycastle\bcprov-jdk15on\1.56\bcprov-jdk15on-1.56.jar;D:\develop\apache-maven-3.5.2\maven_repository\com\xuecheng\xc-framework-common\1.0-SNAPSHOT\xc-framework-common-1.0-SNAPSHOT.jar;D:\develop\apache-maven-3.5.2\maven_repository\org\springframework\spring-web\5.0.5.RELEASE\spring-web-5.0.5.RELEASE.jar;D:\develop\apache-maven-3.5.2\maven_repository\org\springframework\boot\spring-boot-starter-web\2.0.1.RELEASE\spring-boot-starter-web-2.0.1.RELEASE.jar;D:\develop\apache-maven-3.5.2\maven_repository\org\springframework\boot\spring-boot-starter\2.0.1.RELEASE\spring-boot-starter-2.0.1.RELEASE.jar;D:\develop\apache-maven-3.5.2\maven_repository\org\springframework\boot\spring-boot\2.0.1.RELEASE\spring-boot-2.0.1.RELEASE.jar;D:\develop\apache-maven-3.5.2\maven_repository\org\springframework\boot\spring-boot-autoconfigure\2.0.1.RELEASE\spring-boot-autoconfigure-2.0.1.RELEASE.jar;D:\develop\apache-maven-3.5.2\maven_repository\javax\annotation\javax.annotation-api\1.3.2\javax.annotation-api-1.3.2.jar;D:\develop\apache-maven-3.5.2\maven_repository\org\yaml\snakeyaml\1.19\snakeyaml-1.19.jar;D:\develop\apache-maven-3.5.2\maven_repository\org\springframework\boot\spring-boot-starter-json\2.0.1.RELEASE\spring-boot-starter-json-2.0.1.RELEASE.jar;D:\develop\apache-maven-3.5.2\maven_repository\com\fasterxml\jackson\core\jackson-databind\2.9.5\jackson-databind-2.9.5.jar;D:\develop\apache-maven-3.5.2\maven_repository\com\fasterxml\jackson\core\jackson-core\2.9.5\jackson-core-2.9.5.jar;D:\develop\apache-maven-3.5.2\maven_repository\com\fasterxml\jackson\datatype\jackson-datatype-jdk8\2.9.5\jackson-datatype-jdk8-2.9.5.jar;D:\develop\apache-maven-3.5.2\maven_repository\com\fasterxml\jackson\datatype\jackson-datatype-jsr310\2.9.5\jackson-datatype-jsr310-2.9.5.jar;D:\develop\apache-maven-3.5.2\maven_repository\com\fasterxml\jackson\module\jackson-module-parameter-names\2.9.5\jackson-module-parameter-names-2.9.5.jar;D:\develop\apache-maven-3.5.2\maven_repository\org\springframework\boot\spring-boot-starter-tomcat\2.0.1.RELEASE\spring-boot-starter-tomcat-2.0.1.RELEASE.jar;D:\develop\apache-maven-3.5.2\maven_repository\org\apache\tomcat\embed\tomcat-embed-core\8.5.28\tomcat-embed-core-8.5.28.jar;D:\develop\apache-maven-3.5.2\maven_repository\org\apache\tomcat\embed\tomcat-embed-el\8.5.28\tomcat-embed-el-8.5.28.jar;D:\develop\apache-maven-3.5.2\maven_repository\org\apache\tomcat\embed\tomcat-embed-websocket\8.5.28\tomcat-embed-websocket-8.5.28.jar;D:\develop\apache-maven-3.5.2\maven_repository\org\hibernate\validator\hibernate-validator\6.0.9.Final\hibernate-validator-6.0.9.Final.jar;D:\develop\apache-maven-3.5.2\maven_repository\javax\validation\validation-api\2.0.1.Final\validation-api-2.0.1.Final.jar;D:\develop\apache-maven-3.5.2\maven_repository\org\springframework\spring-webmvc\5.0.5.RELEASE\spring-webmvc-5.0.5.RELEASE.jar;D:\develop\apache-maven-3.5.2\maven_repository\org\springframework\spring-aop\5.0.5.RELEASE\spring-aop-5.0.5.RELEASE.jar;D:\develop\apache-maven-3.5.2\maven_repository\org\springframework\boot\spring-boot-starter-freemarker\2.0.1.RELEASE\spring-boot-starter-freemarker-2.0.1.RELEASE.jar;D:\develop\apache-maven-3.5.2\maven_repository\org\freemarker\freemarker\2.3.28\freemarker-2.3.28.jar;D:\develop\apache-maven-3.5.2\maven_repository\org\springframework\spring-context-support\5.0.5.RELEASE\spring-context-support-5.0.5.RELEASE.jar;D:\develop\apache-maven-3.5.2\maven_repository\org\springframework\boot\spring-boot-starter-data-mongodb\2.0.1.RELEASE\spring-boot-starter-data-mongodb-2.0.1.RELEASE.jar;D:\develop\apache-maven-3.5.2\maven_repository\org\mongodb\mongodb-driver\3.6.3\mongodb-driver-3.6.3.jar;D:\develop\apache-maven-3.5.2\maven_repository\org\mongodb\bson\3.6.3\bson-3.6.3.jar;D:\develop\apache-maven-3.5.2\maven_repository\org\mongodb\mongodb-driver-core\3.6.3\mongodb-driver-core-3.6.3.jar;D:\develop\apache-maven-3.5.2\maven_repository\org\springframework\boot\spring-boot-starter-amqp\2.0.1.RELEASE\spring-boot-starter-amqp-2.0.1.RELEASE.jar;D:\develop\apache-maven-3.5.2\maven_repository\org\springframework\spring-messaging\5.0.5.RELEASE\spring-messaging-5.0.5.RELEASE.jar;D:\develop\apache-maven-3.5.2\maven_repository\org\springframework\amqp\spring-rabbit\2.0.3.RELEASE\spring-rabbit-2.0.3.RELEASE.jar;D:\develop\apache-maven-3.5.2\maven_repository\org\springframework\amqp\spring-amqp\2.0.3.RELEASE\spring-amqp-2.0.3.RELEASE.jar;D:\develop\apache-maven-3.5.2\maven_repository\com\rabbitmq\amqp-client\5.1.2\amqp-client-5.1.2.jar;D:\develop\apache-maven-3.5.2\maven_repository\com\rabbitmq\http-client\2.0.1.RELEASE\http-client-2.0.1.RELEASE.jar;D:\develop\apache-maven-3.5.2\maven_repository\org\springframework\spring-webflux\5.0.5.RELEASE\spring-webflux-5.0.5.RELEASE.jar;D:\develop\apache-maven-3.5.2\maven_repository\io\projectreactor\reactor-core\3.1.6.RELEASE\reactor-core-3.1.6.RELEASE.jar;D:\develop\apache-maven-3.5.2\maven_repository\org\reactivestreams\reactive-streams\1.0.2\reactive-streams-1.0.2.jar;D:\develop\apache-maven-3.5.2\maven_repository\io\projectreactor\ipc\reactor-netty\0.7.6.RELEASE\reactor-netty-0.7.6.RELEASE.jar;D:\develop\apache-maven-3.5.2\maven_repository\io\netty\netty-codec-http\4.1.23.Final\netty-codec-http-4.1.23.Final.jar;D:\develop\apache-maven-3.5.2\maven_repository\io\netty\netty-codec\4.1.23.Final\netty-codec-4.1.23.Final.jar;D:\develop\apache-maven-3.5.2\maven_repository\io\netty\netty-handler\4.1.23.Final\netty-handler-4.1.23.Final.jar;D:\develop\apache-maven-3.5.2\maven_repository\io\netty\netty-buffer\4.1.23.Final\netty-buffer-4.1.23.Final.jar;D:\develop\apache-maven-3.5.2\maven_repository\io\netty\netty-transport\4.1.23.Final\netty-transport-4.1.23.Final.jar;D:\develop\apache-maven-3.5.2\maven_repository\io\netty\netty-resolver\4.1.23.Final\netty-resolver-4.1.23.Final.jar;D:\develop\apache-maven-3.5.2\maven_repository\io\netty\netty-handler-proxy\4.1.23.Final\netty-handler-proxy-4.1.23.Final.jar;D:\develop\apache-maven-3.5.2\maven_repository\io\netty\netty-codec-socks\4.1.23.Final\netty-codec-socks-4.1.23.Final.jar;D:\develop\apache-maven-3.5.2\maven_repository\io\netty\netty-transport-native-epoll\4.1.23.Final\netty-transport-native-epoll-4.1.23.Final.jar;D:\develop\apache-maven-3.5.2\maven_repository\io\netty\netty-common\4.1.23.Final\netty-common-4.1.23.Final.jar;D:\develop\apache-maven-3.5.2\maven_repository\io\netty\netty-transport-native-unix-common\4.1.23.Final\netty-transport-native-unix-common-4.1.23.Final.jar;D:\develop\apache-maven-3.5.2\maven_repository\org\springframework\retry\spring-retry\1.2.2.RELEASE\spring-retry-1.2.2.RELEASE.jar;D:\develop\apache-maven-3.5.2\maven_repository\com\squareup\okhttp3\okhttp\3.9.1\okhttp-3.9.1.jar;D:\develop\apache-maven-3.5.2\maven_repository\com\squareup\okio\okio\1.13.0\okio-1.13.0.jar;D:\develop\apache-maven-3.5.2\maven_repository\org\springframework\boot\spring-boot-starter-test\2.0.1.RELEASE\spring-boot-starter-test-2.0.1.RELEASE.jar;D:\develop\apache-maven-3.5.2\maven_repository\org\springframework\boot\spring-boot-test\2.0.1.RELEASE\spring-boot-test-2.0.1.RELEASE.jar;D:\develop\apache-maven-3.5.2\maven_repository\org\springframework\boot\spring-boot-test-autoconfigure\2.0.1.RELEASE\spring-boot-test-autoconfigure-2.0.1.RELEASE.jar;D:\develop\apache-maven-3.5.2\maven_repository\com\jayway\jsonpath\json-path\2.4.0\json-path-2.4.0.jar;D:\develop\apache-maven-3.5.2\maven_repository\net\minidev\json-smart\2.3\json-smart-2.3.jar;D:\develop\apache-maven-3.5.2\maven_repository\net\minidev\accessors-smart\1.2\accessors-smart-1.2.jar;D:\develop\apache-maven-3.5.2\maven_repository\org\ow2\asm\asm\5.0.4\asm-5.0.4.jar;D:\develop\apache-maven-3.5.2\maven_repository\junit\junit\4.12\junit-4.12.jar;D:\develop\apache-maven-3.5.2\maven_repository\org\assertj\assertj-core\3.9.1\assertj-core-3.9.1.jar;D:\develop\apache-maven-3.5.2\maven_repository\org\mockito\mockito-core\2.15.0\mockito-core-2.15.0.jar;D:\develop\apache-maven-3.5.2\maven_repository\net\bytebuddy\byte-buddy\1.7.11\byte-buddy-1.7.11.jar;D:\develop\apache-maven-3.5.2\maven_repository\net\bytebuddy\byte-buddy-agent\1.7.11\byte-buddy-agent-1.7.11.jar;D:\develop\apache-maven-3.5.2\maven_repository\org\objenesis\objenesis\2.6\objenesis-2.6.jar;D:\develop\apache-maven-3.5.2\maven_repository\org\hamcrest\hamcrest-core\1.3\hamcrest-core-1.3.jar;D:\develop\apache-maven-3.5.2\maven_repository\org\hamcrest\hamcrest-library\1.3\hamcrest-library-1.3.jar;D:\develop\apache-maven-3.5.2\maven_repository\org\skyscreamer\jsonassert\1.5.0\jsonassert-1.5.0.jar;D:\develop\apache-maven-3.5.2\maven_repository\com\vaadin\external\google\android-json\0.0.20131108.vaadin1\android-json-0.0.20131108.vaadin1.jar;D:\develop\apache-maven-3.5.2\maven_repository\org\springframework\spring-core\5.0.5.RELEASE\spring-core-5.0.5.RELEASE.jar;D:\develop\apache-maven-3.5.2\maven_repository\org\springframework\spring-jcl\5.0.5.RELEASE\spring-jcl-5.0.5.RELEASE.jar;D:\develop\apache-maven-3.5.2\maven_repository\org\springframework\spring-test\5.0.5.RELEASE\spring-test-5.0.5.RELEASE.jar;D:\develop\apache-maven-3.5.2\maven_repository\org\xmlunit\xmlunit-core\2.5.1\xmlunit-core-2.5.1.jar;, java.specification.name=Java Platform API Specification, java.class.version=52.0, sun.management.compiler=HotSpot 64-Bit Tiered Compilers, os.version=10.0, user.home=C:\Users\89242, user.timezone=Asia/Shanghai, java.awt.printerjob=sun.awt.windows.WPrinterJob, file.encoding=GBK, java.specification.version=1.8, java.class.path=D:\develop\workspace\XC\XcEduCode01\xc-service-manage-cms\target\test-classes;D:\develop\workspace\XC\XcEduCode01\xc-service-manage-cms\target\classes;D:\develop\apache-maven-3.5.2\maven_repository\com\xuecheng\xc-service-api\1.0-SNAPSHOT\xc-service-api-1.0-SNAPSHOT.jar;D:\develop\apache-maven-3.5.2\maven_repository\commons-fileupload\commons-fileupload\1.3.3\commons-fileupload-1.3.3.jar;D:\develop\apache-maven-3.5.2\maven_repository\io\springfox\springfox-swagger2\2.7.0\springfox-swagger2-2.7.0.jar;D:\develop\apache-maven-3.5.2\maven_repository\io\swagger\swagger-annotations\1.5.13\swagger-annotations-1.5.13.jar;D:\develop\apache-maven-3.5.2\maven_repository\io\swagger\swagger-models\1.5.13\swagger-models-1.5.13.jar;D:\develop\apache-maven-3.5.2\maven_repository\com\fasterxml\jackson\core\jackson-annotations\2.9.0\jackson-annotations-2.9.0.jar;D:\develop\apache-maven-3.5.2\maven_repository\io\springfox\springfox-spi\2.7.0\springfox-spi-2.7.0.jar;D:\develop\apache-maven-3.5.2\maven_repository\io\springfox\springfox-core\2.7.0\springfox-core-2.7.0.jar;D:\develop\apache-maven-3.5.2\maven_repository\io\springfox\springfox-schema\2.7.0\springfox-schema-2.7.0.jar;D:\develop\apache-maven-3.5.2\maven_repository\io\springfox\springfox-swagger-common\2.7.0\springfox-swagger-common-2.7.0.jar;D:\develop\apache-maven-3.5.2\maven_repository\io\springfox\springfox-spring-web\2.7.0\springfox-spring-web-2.7.0.jar;D:\develop\apache-maven-3.5.2\maven_repository\org\reflections\reflections\0.9.11\reflections-0.9.11.jar;D:\develop\apache-maven-3.5.2\maven_repository\com\fasterxml\classmate\1.3.4\classmate-1.3.4.jar;D:\develop\apache-maven-3.5.2\maven_repository\org\slf4j\slf4j-api\1.7.25\slf4j-api-1.7.25.jar;D:\develop\apache-maven-3.5.2\maven_repository\org\springframework\plugin\spring-plugin-core\1.2.0.RELEASE\spring-plugin-core-1.2.0.RELEASE.jar;D:\develop\apache-maven-3.5.2\maven_repository\org\springframework\plugin\spring-plugin-metadata\1.2.0.RELEASE\spring-plugin-metadata-1.2.0.RELEASE.jar;D:\develop\apache-maven-3.5.2\maven_repository\org\mapstruct\mapstruct\1.1.0.Final\mapstruct-1.1.0.Final.jar;D:\develop\apache-maven-3.5.2\maven_repository\io\springfox\springfox-swagger-ui\2.7.0\springfox-swagger-ui-2.7.0.jar;D:\develop\apache-maven-3.5.2\maven_repository\com\alibaba\fastjson\1.2.30\fastjson-1.2.30.jar;D:\develop\apache-maven-3.5.2\maven_repository\commons-io\commons-io\2.6\commons-io-2.6.jar;D:\develop\apache-maven-3.5.2\maven_repository\org\apache\commons\commons-lang3\3.6\commons-lang3-3.6.jar;D:\develop\apache-maven-3.5.2\maven_repository\com\xuecheng\xc-framework-model\1.0-SNAPSHOT\xc-framework-model-1.0-SNAPSHOT.jar;D:\develop\apache-maven-3.5.2\maven_repository\org\projectlombok\lombok\1.16.16\lombok-1.16.16.jar;D:\develop\apache-maven-3.5.2\maven_repository\org\springframework\data\spring-data-commons\2.0.6.RELEASE\spring-data-commons-2.0.6.RELEASE.jar;D:\develop\apache-maven-3.5.2\maven_repository\org\springframework\spring-beans\5.0.5.RELEASE\spring-beans-5.0.5.RELEASE.jar;D:\develop\apache-maven-3.5.2\maven_repository\org\springframework\data\spring-data-mongodb\2.0.6.RELEASE\spring-data-mongodb-2.0.6.RELEASE.jar;D:\develop\apache-maven-3.5.2\maven_repository\org\springframework\spring-tx\5.0.5.RELEASE\spring-tx-5.0.5.RELEASE.jar;D:\develop\apache-maven-3.5.2\maven_repository\org\springframework\spring-context\5.0.5.RELEASE\spring-context-5.0.5.RELEASE.jar;D:\develop\apache-maven-3.5.2\maven_repository\org\springframework\spring-expression\5.0.5.RELEASE\spring-expression-5.0.5.RELEASE.jar;D:\develop\apache-maven-3.5.2\maven_repository\org\mongodb\mongo-java-driver\3.6.3\mongo-java-driver-3.6.3.jar;D:\develop\apache-maven-3.5.2\maven_repository\org\hibernate\hibernate-core\5.2.16.Final\hibernate-core-5.2.16.Final.jar;D:\develop\apache-maven-3.5.2\maven_repository\org\jboss\logging\jboss-logging\3.3.2.Final\jboss-logging-3.3.2.Final.jar;D:\develop\apache-maven-3.5.2\maven_repository\org\hibernate\javax\persistence\hibernate-jpa-2.1-api\1.0.0.Final\hibernate-jpa-2.1-api-1.0.0.Final.jar;D:\develop\apache-maven-3.5.2\maven_repository\org\javassist\javassist\3.22.0-GA\javassist-3.22.0-GA.jar;D:\develop\apache-maven-3.5.2\maven_repository\antlr\antlr\2.7.7\antlr-2.7.7.jar;D:\develop\apache-maven-3.5.2\maven_repository\org\jboss\spec\javax\transaction\jboss-transaction-api_1.2_spec\1.0.1.Final\jboss-transaction-api_1.2_spec-1.0.1.Final.jar;D:\develop\apache-maven-3.5.2\maven_repository\org\jboss\jandex\2.0.3.Final\jandex-2.0.3.Final.jar;D:\develop\apache-maven-3.5.2\maven_repository\dom4j\dom4j\1.6.1\dom4j-1.6.1.jar;D:\develop\apache-maven-3.5.2\maven_repository\org\hibernate\common\hibernate-commons-annotations\5.0.1.Final\hibernate-commons-annotations-5.0.1.Final.jar;D:\develop\apache-maven-3.5.2\maven_repository\com\google\guava\guava\24.0-jre\guava-24.0-jre.jar;D:\develop\apache-maven-3.5.2\maven_repository\com\google\code\findbugs\jsr305\1.3.9\jsr305-1.3.9.jar;D:\develop\apache-maven-3.5.2\maven_repository\org\checkerframework\checker-compat-qual\2.0.0\checker-compat-qual-2.0.0.jar;D:\develop\apache-maven-3.5.2\maven_repository\com\google\errorprone\error_prone_annotations\2.1.3\error_prone_annotations-2.1.3.jar;D:\develop\apache-maven-3.5.2\maven_repository\com\google\j2objc\j2objc-annotations\1.1\j2objc-annotations-1.1.jar;D:\develop\apache-maven-3.5.2\maven_repository\org\codehaus\mojo\animal-sniffer-annotations\1.14\animal-sniffer-annotations-1.14.jar;D:\develop\apache-maven-3.5.2\maven_repository\com\xuecheng\xc-framework-utils\1.0-SNAPSHOT\xc-framework-utils-1.0-SNAPSHOT.jar;D:\develop\apache-maven-3.5.2\maven_repository\javax\servlet\javax.servlet-api\3.1.0\javax.servlet-api-3.1.0.jar;D:\develop\apache-maven-3.5.2\maven_repository\org\springframework\boot\spring-boot-starter-logging\2.0.1.RELEASE\spring-boot-starter-logging-2.0.1.RELEASE.jar;D:\develop\apache-maven-3.5.2\maven_repository\ch\qos\logback\logback-classic\1.2.3\logback-classic-1.2.3.jar;D:\develop\apache-maven-3.5.2\maven_repository\ch\qos\logback\logback-core\1.2.3\logback-core-1.2.3.jar;D:\develop\apache-maven-3.5.2\maven_repository\org\apache\logging\log4j\log4j-to-slf4j\2.10.0\log4j-to-slf4j-2.10.0.jar;D:\develop\apache-maven-3.5.2\maven_repository\org\apache\logging\log4j\log4j-api\2.10.0\log4j-api-2.10.0.jar;D:\develop\apache-maven-3.5.2\maven_repository\org\slf4j\jul-to-slf4j\1.7.25\jul-to-slf4j-1.7.25.jar;D:\develop\apache-maven-3.5.2\maven_repository\org\apache\httpcomponents\httpclient\4.5.5\httpclient-4.5.5.jar;D:\develop\apache-maven-3.5.2\maven_repository\org\apache\httpcomponents\httpcore\4.4.9\httpcore-4.4.9.jar;D:\develop\apache-maven-3.5.2\maven_repository\commons-codec\commons-codec\1.10\commons-codec-1.10.jar;D:\develop\apache-maven-3.5.2\maven_repository\net\lingala\zip4j\zip4j\1.3.1\zip4j-1.3.1.jar;D:\develop\apache-maven-3.5.2\maven_repository\org\springframework\security\spring-security-crypto\5.0.4.RELEASE\spring-security-crypto-5.0.4.RELEASE.jar;D:\develop\apache-maven-3.5.2\maven_repository\org\springframework\security\spring-security-jwt\1.0.8.RELEASE\spring-security-jwt-1.0.8.RELEASE.jar;D:\develop\apache-maven-3.5.2\maven_repository\org\bouncycastle\bcpkix-jdk15on\1.56\bcpkix-jdk15on-1.56.jar;D:\develop\apache-maven-3.5.2\maven_repository\org\bouncycastle\bcprov-jdk15on\1.56\bcprov-jdk15on-1.56.jar;D:\develop\apache-maven-3.5.2\maven_repository\com\xuecheng\xc-framework-common\1.0-SNAPSHOT\xc-framework-common-1.0-SNAPSHOT.jar;D:\develop\apache-maven-3.5.2\maven_repository\org\springframework\spring-web\5.0.5.RELEASE\spring-web-5.0.5.RELEASE.jar;D:\develop\apache-maven-3.5.2\maven_repository\org\springframework\boot\spring-boot-starter-web\2.0.1.RELEASE\spring-boot-starter-web-2.0.1.RELEASE.jar;D:\develop\apache-maven-3.5.2\maven_repository\org\springframework\boot\spring-boot-starter\2.0.1.RELEASE\spring-boot-starter-2.0.1.RELEASE.jar;D:\develop\apache-maven-3.5.2\maven_repository\org\springframework\boot\spring-boot\2.0.1.RELEASE\spring-boot-2.0.1.RELEASE.jar;D:\develop\apache-maven-3.5.2\maven_repository\org\springframework\boot\spring-boot-autoconfigure\2.0.1.RELEASE\spring-boot-autoconfigure-2.0.1.RELEASE.jar;D:\develop\apache-maven-3.5.2\maven_repository\javax\annotation\javax.annotation-api\1.3.2\javax.annotation-api-1.3.2.jar;D:\develop\apache-maven-3.5.2\maven_repository\org\yaml\snakeyaml\1.19\snakeyaml-1.19.jar;D:\develop\apache-maven-3.5.2\maven_repository\org\springframework\boot\spring-boot-starter-json\2.0.1.RELEASE\spring-boot-starter-json-2.0.1.RELEASE.jar;D:\develop\apache-maven-3.5.2\maven_repository\com\fasterxml\jackson\core\jackson-databind\2.9.5\jackson-databind-2.9.5.jar;D:\develop\apache-maven-3.5.2\maven_repository\com\fasterxml\jackson\core\jackson-core\2.9.5\jackson-core-2.9.5.jar;D:\develop\apache-maven-3.5.2\maven_repository\com\fasterxml\jackson\datatype\jackson-datatype-jdk8\2.9.5\jackson-datatype-jdk8-2.9.5.jar;D:\develop\apache-maven-3.5.2\maven_repository\com\fasterxml\jackson\datatype\jackson-datatype-jsr310\2.9.5\jackson-datatype-jsr310-2.9.5.jar;D:\develop\apache-maven-3.5.2\maven_repository\com\fasterxml\jackson\module\jackson-module-parameter-names\2.9.5\jackson-module-parameter-names-2.9.5.jar;D:\develop\apache-maven-3.5.2\maven_repository\org\springframework\boot\spring-boot-starter-tomcat\2.0.1.RELEASE\spring-boot-starter-tomcat-2.0.1.RELEASE.jar;D:\develop\apache-maven-3.5.2\maven_repository\org\apache\tomcat\embed\tomcat-embed-core\8.5.28\tomcat-embed-core-8.5.28.jar;D:\develop\apache-maven-3.5.2\maven_repository\org\apache\tomcat\embed\tomcat-embed-el\8.5.28\tomcat-embed-el-8.5.28.jar;D:\develop\apache-maven-3.5.2\maven_repository\org\apache\tomcat\embed\tomcat-embed-websocket\8.5.28\tomcat-embed-websocket-8.5.28.jar;D:\develop\apache-maven-3.5.2\maven_repository\org\hibernate\validator\hibernate-validator\6.0.9.Final\hibernate-validator-6.0.9.Final.jar;D:\develop\apache-maven-3.5.2\maven_repository\javax\validation\validation-api\2.0.1.Final\validation-api-2.0.1.Final.jar;D:\develop\apache-maven-3.5.2\maven_repository\org\springframework\spring-webmvc\5.0.5.RELEASE\spring-webmvc-5.0.5.RELEASE.jar;D:\develop\apache-maven-3.5.2\maven_repository\org\springframework\spring-aop\5.0.5.RELEASE\spring-aop-5.0.5.RELEASE.jar;D:\develop\apache-maven-3.5.2\maven_repository\org\springframework\boot\spring-boot-starter-freemarker\2.0.1.RELEASE\spring-boot-starter-freemarker-2.0.1.RELEASE.jar;D:\develop\apache-maven-3.5.2\maven_repository\org\freemarker\freemarker\2.3.28\freemarker-2.3.28.jar;D:\develop\apache-maven-3.5.2\maven_repository\org\springframework\spring-context-support\5.0.5.RELEASE\spring-context-support-5.0.5.RELEASE.jar;D:\develop\apache-maven-3.5.2\maven_repository\org\springframework\boot\spring-boot-starter-data-mongodb\2.0.1.RELEASE\spring-boot-starter-data-mongodb-2.0.1.RELEASE.jar;D:\develop\apache-maven-3.5.2\maven_repository\org\mongodb\mongodb-driver\3.6.3\mongodb-driver-3.6.3.jar;D:\develop\apache-maven-3.5.2\maven_repository\org\mongodb\bson\3.6.3\bson-3.6.3.jar;D:\develop\apache-maven-3.5.2\maven_repository\org\mongodb\mongodb-driver-core\3.6.3\mongodb-driver-core-3.6.3.jar;D:\develop\apache-maven-3.5.2\maven_repository\org\springframework\boot\spring-boot-starter-amqp\2.0.1.RELEASE\spring-boot-starter-amqp-2.0.1.RELEASE.jar;D:\develop\apache-maven-3.5.2\maven_repository\org\springframework\spring-messaging\5.0.5.RELEASE\spring-messaging-5.0.5.RELEASE.jar;D:\develop\apache-maven-3.5.2\maven_repository\org\springframework\amqp\spring-rabbit\2.0.3.RELEASE\spring-rabbit-2.0.3.RELEASE.jar;D:\develop\apache-maven-3.5.2\maven_repository\org\springframework\amqp\spring-amqp\2.0.3.RELEASE\spring-amqp-2.0.3.RELEASE.jar;D:\develop\apache-maven-3.5.2\maven_repository\com\rabbitmq\amqp-client\5.1.2\amqp-client-5.1.2.jar;D:\develop\apache-maven-3.5.2\maven_repository\com\rabbitmq\http-client\2.0.1.RELEASE\http-client-2.0.1.RELEASE.jar;D:\develop\apache-maven-3.5.2\maven_repository\org\springframework\spring-webflux\5.0.5.RELEASE\spring-webflux-5.0.5.RELEASE.jar;D:\develop\apache-maven-3.5.2\maven_repository\io\projectreactor\reactor-core\3.1.6.RELEASE\reactor-core-3.1.6.RELEASE.jar;D:\develop\apache-maven-3.5.2\maven_repository\org\reactivestreams\reactive-streams\1.0.2\reactive-streams-1.0.2.jar;D:\develop\apache-maven-3.5.2\maven_repository\io\projectreactor\ipc\reactor-netty\0.7.6.RELEASE\reactor-netty-0.7.6.RELEASE.jar;D:\develop\apache-maven-3.5.2\maven_repository\io\netty\netty-codec-http\4.1.23.Final\netty-codec-http-4.1.23.Final.jar;D:\develop\apache-maven-3.5.2\maven_repository\io\netty\netty-codec\4.1.23.Final\netty-codec-4.1.23.Final.jar;D:\develop\apache-maven-3.5.2\maven_repository\io\netty\netty-handler\4.1.23.Final\netty-handler-4.1.23.Final.jar;D:\develop\apache-maven-3.5.2\maven_repository\io\netty\netty-buffer\4.1.23.Final\netty-buffer-4.1.23.Final.jar;D:\develop\apache-maven-3.5.2\maven_repository\io\netty\netty-transport\4.1.23.Final\netty-transport-4.1.23.Final.jar;D:\develop\apache-maven-3.5.2\maven_repository\io\netty\netty-resolver\4.1.23.Final\netty-resolver-4.1.23.Final.jar;D:\develop\apache-maven-3.5.2\maven_repository\io\netty\netty-handler-proxy\4.1.23.Final\netty-handler-proxy-4.1.23.Final.jar;D:\develop\apache-maven-3.5.2\maven_repository\io\netty\netty-codec-socks\4.1.23.Final\netty-codec-socks-4.1.23.Final.jar;D:\develop\apache-maven-3.5.2\maven_repository\io\netty\netty-transport-native-epoll\4.1.23.Final\netty-transport-native-epoll-4.1.23.Final.jar;D:\develop\apache-maven-3.5.2\maven_repository\io\netty\netty-common\4.1.23.Final\netty-common-4.1.23.Final.jar;D:\develop\apache-maven-3.5.2\maven_repository\io\netty\netty-transport-native-unix-common\4.1.23.Final\netty-transport-native-unix-common-4.1.23.Final.jar;D:\develop\apache-maven-3.5.2\maven_repository\org\springframework\retry\spring-retry\1.2.2.RELEASE\spring-retry-1.2.2.RELEASE.jar;D:\develop\apache-maven-3.5.2\maven_repository\com\squareup\okhttp3\okhttp\3.9.1\okhttp-3.9.1.jar;D:\develop\apache-maven-3.5.2\maven_repository\com\squareup\okio\okio\1.13.0\okio-1.13.0.jar;D:\develop\apache-maven-3.5.2\maven_repository\org\springframework\boot\spring-boot-starter-test\2.0.1.RELEASE\spring-boot-starter-test-2.0.1.RELEASE.jar;D:\develop\apache-maven-3.5.2\maven_repository\org\springframework\boot\spring-boot-test\2.0.1.RELEASE\spring-boot-test-2.0.1.RELEASE.jar;D:\develop\apache-maven-3.5.2\maven_repository\org\springframework\boot\spring-boot-test-autoconfigure\2.0.1.RELEASE\spring-boot-test-autoconfigure-2.0.1.RELEASE.jar;D:\develop\apache-maven-3.5.2\maven_repository\com\jayway\jsonpath\json-path\2.4.0\json-path-2.4.0.jar;D:\develop\apache-maven-3.5.2\maven_repository\net\minidev\json-smart\2.3\json-smart-2.3.jar;D:\develop\apache-maven-3.5.2\maven_repository\net\minidev\accessors-smart\1.2\accessors-smart-1.2.jar;D:\develop\apache-maven-3.5.2\maven_repository\org\ow2\asm\asm\5.0.4\asm-5.0.4.jar;D:\develop\apache-maven-3.5.2\maven_repository\junit\junit\4.12\junit-4.12.jar;D:\develop\apache-maven-3.5.2\maven_repository\org\assertj\assertj-core\3.9.1\assertj-core-3.9.1.jar;D:\develop\apache-maven-3.5.2\maven_repository\org\mockito\mockito-core\2.15.0\mockito-core-2.15.0.jar;D:\develop\apache-maven-3.5.2\maven_repository\net\bytebuddy\byte-buddy\1.7.11\byte-buddy-1.7.11.jar;D:\develop\apache-maven-3.5.2\maven_repository\net\bytebuddy\byte-buddy-agent\1.7.11\byte-buddy-agent-1.7.11.jar;D:\develop\apache-maven-3.5.2\maven_repository\org\objenesis\objenesis\2.6\objenesis-2.6.jar;D:\develop\apache-maven-3.5.2\maven_repository\org\hamcrest\hamcrest-core\1.3\hamcrest-core-1.3.jar;D:\develop\apache-maven-3.5.2\maven_repository\org\hamcrest\hamcrest-library\1.3\hamcrest-library-1.3.jar;D:\develop\apache-maven-3.5.2\maven_repository\org\skyscreamer\jsonassert\1.5.0\jsonassert-1.5.0.jar;D:\develop\apache-maven-3.5.2\maven_repository\com\vaadin\external\google\android-json\0.0.20131108.vaadin1\android-json-0.0.20131108.vaadin1.jar;D:\develop\apache-maven-3.5.2\maven_repository\org\springframework\spring-core\5.0.5.RELEASE\spring-core-5.0.5.RELEASE.jar;D:\develop\apache-maven-3.5.2\maven_repository\org\springframework\spring-jcl\5.0.5.RELEASE\spring-jcl-5.0.5.RELEASE.jar;D:\develop\apache-maven-3.5.2\maven_repository\org\springframework\spring-test\5.0.5.RELEASE\spring-test-5.0.5.RELEASE.jar;D:\develop\apache-maven-3.5.2\maven_repository\org\xmlunit\xmlunit-core\2.5.1\xmlunit-core-2.5.1.jar;, user.name=89242, java.vm.specification.version=1.8, sun.java.command=C:\Users\89242\AppData\Local\Temp\surefire6617365025792665209\surefirebooter5036665214877865386.jar C:\Users\89242\AppData\Local\Temp\surefire6617365025792665209 2019-08-11T14-42-19_280-jvmRun1 surefire137627566063076045tmp surefire_06194425282674030742tmp, java.home=D:\develop\Java\jdk1.8\jre, sun.arch.data.model=64, user.language=zh, java.specification.vendor=Oracle Corporation, awt.toolkit=sun.awt.windows.WToolkit, java.vm.info=mixed mode, java.version=1.8.0_201, java.ext.dirs=D:\develop\Java\jdk1.8\jre\lib\ext;C:\Windows\Sun\Java\lib\ext, sun.boot.class.path=D:\develop\Java\jdk1.8\jre\lib\resources.jar;D:\develop\Java\jdk1.8\jre\lib\rt.jar;D:\develop\Java\jdk1.8\jre\lib\sunrsasign.jar;D:\develop\Java\jdk1.8\jre\lib\jsse.jar;D:\develop\Java\jdk1.8\jre\lib\jce.jar;D:\develop\Java\jdk1.8\jre\lib\charsets.jar;D:\develop\Java\jdk1.8\jre\lib\jfr.jar;D:\develop\Java\jdk1.8\jre\classes, java.vendor=Oracle Corporation, localRepository=D:\develop\apache-maven-3.5.2\maven_repository, file.separator=\, java.vendor.url.bug=http://bugreport.sun.com/bugreport/, sun.io.unicode.encoding=UnicodeLittle, sun.cpu.endian=little, sun.desktop=windows, sun.cpu.isalist=amd64}}, SystemEnvironmentPropertySource@1300393335 {name='systemEnvironment', properties={PATH=D:\develop\apache-maven-3.5.2\bin;C:\Program Files (x86)\Common Files\Oracle\Java\javapath;C:\Program Files (x86)\Intel\iCLS Client\;C:\Program Files\Intel\iCLS Client\;C:\Windows\system32;C:\Windows;C:\Windows\System32\Wbem;C:\Windows\System32\WindowsPowerShell\v1.0\;C:\Program Files (x86)\Intel\Intel(R) Management Engine Components\DAL;C:\Program Files\Intel\Intel(R) Management Engine Components\DAL;C:\Program Files (x86)\Intel\Intel(R) Management Engine Components\IPT;C:\Program Files\Intel\Intel(R) Management Engine Components\IPT;C:\Program Files (x86)\NVIDIA Corporation\PhysX\Common;C:\Program Files\Intel\WiFi\bin\;C:\Program Files\Common Files\Intel\WirelessCommon\;D:\develop\Java\jdk1.8\bin;D:\develop\mysql\bin;D:\develop\Git\cmd;D:\develop\TortoiiseGit\bin;D:\develop\svn\bin;D:\develop\TortoiiseSVN\bin;%NODE_HOME%\npm_modules;D:\develop\nodejs\;C:\Users\89242\AppData\Local\Microsoft\WindowsApps;;D:\develop\IntelliJ IDEA 2018.3.4\bin;;d:\develop\Microsoft VS Code\bin;C:\Users\89242\AppData\Roaming\npm, USERDOMAIN_ROAMINGPROFILE=DESKTOP-NL6MJRG, PROCESSOR_LEVEL=6, SYSTEMDRIVE=C:, SESSIONNAME=Console, ALLUSERSPROFILE=C:\ProgramData, PROCESSOR_ARCHITECTURE=AMD64, TNS_ADMIN=D:\develop\instantclient_12_1\config, MAVEN_HOME=D:\develop\apache-maven-3.5.2, PROGRAMFILES=C:\Program Files, PSMODULEPATH=C:\Program Files\WindowsPowerShell\Modules;C:\Windows\system32\WindowsPowerShell\v1.0\Modules;D:\develop\svn\PowerShellModules, PROGRAMDATA=C:\ProgramData, USERNAME=89242, VISUALSVN_SERVER=D:\develop\svn\, FPS_BROWSER_USER_PROFILE_STRING=Default, ONEDRIVE=C:\Users\89242\OneDrive, PATHEXT=.COM;.EXE;.BAT;.CMD;.VBS;.VBE;.JS;.JSE;.WSF;.WSH;.MSC, ONEDRIVECONSUMER=C:\Users\89242\OneDrive, WINDIR=C:\Windows, HOMEPATH=\Users\89242, PROCESSOR_IDENTIFIER=Intel64 Family 6 Model 142 Stepping 10, GenuineIntel, PUBLIC=C:\Users\Public, =::=::\, LOCALAPPDATA=C:\Users\89242\AppData\Local, COMMONPROGRAMFILES(X86)=C:\Program Files (x86)\Common Files, USERDOMAIN=DESKTOP-NL6MJRG, FPS_BROWSER_APP_PROFILE_STRING=Internet Explorer, LOGONSERVER=\\DESKTOP-NL6MJRG, JAVA_HOME=D:\develop\Java\jdk1.8, PROMPT=$P$G, PROGRAMFILES(X86)=C:\Program Files (x86), INTELLIJ IDEA=D:\develop\IntelliJ IDEA 2018.3.4\bin;, APPDATA=C:\Users\89242\AppData\Roaming, PROGRAMW6432=C:\Program Files, SYSTEMROOT=C:\Windows, OS=Windows_NT, NODE_HOME=D:\develop\nodejs, COMMONPROGRAMW6432=C:\Program Files\Common Files, COMPUTERNAME=DESKTOP-NL6MJRG, COMMONPROGRAMFILES=C:\Program Files\Common Files, COMSPEC=C:\Windows\system32\cmd.exe, PROCESSOR_REVISION=8e0a, NLS_LANG=AMERICAN_AMERICA.ZHS16GBK, =D:=D:\develop\workspace\XC\XcEduCode01\xc-service-manage-cms, TEMP=C:\Users\89242\AppData\Local\Temp, HOMEDRIVE=C:, USERPROFILE=C:\Users\89242, TMP=C:\Users\89242\AppData\Local\Temp, NUMBER_OF_PROCESSORS=8}}]
14:42:20.278 [main] DEBUG org.springframework.core.io.support.PathMatchingResourcePatternResolver - Resolved classpath location [com/xuecheng/manage_cms/] to resources [URL [file:/D:/develop/workspace/XC/XcEduCode01/xc-service-manage-cms/target/test-classes/com/xuecheng/manage_cms/], URL [file:/D:/develop/workspace/XC/XcEduCode01/xc-service-manage-cms/target/classes/com/xuecheng/manage_cms/]]
14:42:20.278 [main] DEBUG org.springframework.core.io.support.PathMatchingResourcePatternResolver - Looking for matching resources in directory tree [D:\develop\workspace\XC\XcEduCode01\xc-service-manage-cms\target\test-classes\com\xuecheng\manage_cms]
14:42:20.279 [main] DEBUG org.springframework.core.io.support.PathMatchingResourcePatternResolver - Searching directory [D:\develop\workspace\XC\XcEduCode01\xc-service-manage-cms\target\test-classes\com\xuecheng\manage_cms] for files matching pattern [D:/develop/workspace/XC/XcEduCode01/xc-service-manage-cms/target/test-classes/com/xuecheng/manage_cms/*.class]
14:42:20.283 [main] DEBUG org.springframework.core.io.support.PathMatchingResourcePatternResolver - Looking for matching resources in directory tree [D:\develop\workspace\XC\XcEduCode01\xc-service-manage-cms\target\classes\com\xuecheng\manage_cms]
14:42:20.283 [main] DEBUG org.springframework.core.io.support.PathMatchingResourcePatternResolver - Searching directory [D:\develop\workspace\XC\XcEduCode01\xc-service-manage-cms\target\classes\com\xuecheng\manage_cms] for files matching pattern [D:/develop/workspace/XC/XcEduCode01/xc-service-manage-cms/target/classes/com/xuecheng/manage_cms/*.class]
14:42:20.285 [main] DEBUG org.springframework.core.io.support.PathMatchingResourcePatternResolver - Resolved location pattern [classpath*:com/xuecheng/manage_cms/*.class] to resources [file [D:\develop\workspace\XC\XcEduCode01\xc-service-manage-cms\target\test-classes\com\xuecheng\manage_cms\CmsConfigRepositoryTest.class], file [D:\develop\workspace\XC\XcEduCode01\xc-service-manage-cms\target\test-classes\com\xuecheng\manage_cms\CmsPageRepositoryTest.class], file [D:\develop\workspace\XC\XcEduCode01\xc-service-manage-cms\target\classes\com\xuecheng\manage_cms\ManageCmsApplication.class]]
14:42:20.336 [main] DEBUG org.springframework.context.annotation.ClassPathScanningCandidateComponentProvider - Identified candidate component class: file [D:\develop\workspace\XC\XcEduCode01\xc-service-manage-cms\target\classes\com\xuecheng\manage_cms\ManageCmsApplication.class]
14:42:20.337 [main] INFO org.springframework.boot.test.context.SpringBootTestContextBootstrapper - Found @SpringBootConfiguration com.xuecheng.manage_cms.ManageCmsApplication for test class com.xuecheng.manage_cms.CmsConfigRepositoryTest
14:42:20.446 [main] DEBUG org.springframework.boot.test.context.SpringBootTestContextBootstrapper - @TestExecutionListeners is not present for class [com.xuecheng.manage_cms.CmsConfigRepositoryTest]: using defaults.
14:42:20.446 [main] INFO org.springframework.boot.test.context.SpringBootTestContextBootstrapper - Loaded default TestExecutionListener class names from location [META-INF/spring.factories]: [org.springframework.boot.test.mock.mockito.MockitoTestExecutionListener, org.springframework.boot.test.mock.mockito.ResetMocksTestExecutionListener, org.springframework.boot.test.autoconfigure.restdocs.RestDocsTestExecutionListener, org.springframework.boot.test.autoconfigure.web.client.MockRestServiceServerResetTestExecutionListener, org.springframework.boot.test.autoconfigure.web.servlet.MockMvcPrintOnlyOnFailureTestExecutionListener, org.springframework.boot.test.autoconfigure.web.servlet.WebDriverTestExecutionListener, org.springframework.test.context.web.ServletTestExecutionListener, org.springframework.test.context.support.DirtiesContextBeforeModesTestExecutionListener, org.springframework.test.context.support.DependencyInjectionTestExecutionListener, org.springframework.test.context.support.DirtiesContextTestExecutionListener, org.springframework.test.context.transaction.TransactionalTestExecutionListener, org.springframework.test.context.jdbc.SqlScriptsTestExecutionListener]
14:42:20.557 [main] INFO org.springframework.boot.test.context.SpringBootTestContextBootstrapper - Using TestExecutionListeners: [org.springframework.test.context.web.ServletTestExecutionListener@1ed6388a, org.springframework.test.context.support.DirtiesContextBeforeModesTestExecutionListener@5a45133e, org.springframework.boot.test.mock.mockito.MockitoTestExecutionListener@534a5a98, org.springframework.boot.test.autoconfigure.SpringBootDependencyInjectionTestExecutionListener@4f80542f, org.springframework.test.context.support.DirtiesContextTestExecutionListener@60bd273d, org.springframework.test.context.transaction.TransactionalTestExecutionListener@121314f7, org.springframework.test.context.jdbc.SqlScriptsTestExecutionListener@130c12b7, org.springframework.boot.test.mock.mockito.ResetMocksTestExecutionListener@5e600dd5, org.springframework.boot.test.autoconfigure.restdocs.RestDocsTestExecutionListener@576d5deb, org.springframework.boot.test.autoconfigure.web.client.MockRestServiceServerResetTestExecutionListener@5d534f5d, org.springframework.boot.test.autoconfigure.web.servlet.MockMvcPrintOnlyOnFailureTestExecutionListener@2e3967ea, org.springframework.boot.test.autoconfigure.web.servlet.WebDriverTestExecutionListener@70e9c95d]
14:42:20.558 [main] DEBUG org.springframework.test.annotation.ProfileValueUtils - Retrieved @ProfileValueSourceConfiguration [null] for test class [com.xuecheng.manage_cms.CmsConfigRepositoryTest]
14:42:20.559 [main] DEBUG org.springframework.test.annotation.ProfileValueUtils - Retrieved ProfileValueSource type [class org.springframework.test.annotation.SystemProfileValueSource] for class [com.xuecheng.manage_cms.CmsConfigRepositoryTest]
14:42:20.560 [main] DEBUG org.springframework.test.annotation.ProfileValueUtils - Retrieved @ProfileValueSourceConfiguration [null] for test class [com.xuecheng.manage_cms.CmsConfigRepositoryTest]
14:42:20.560 [main] DEBUG org.springframework.test.annotation.ProfileValueUtils - Retrieved ProfileValueSource type [class org.springframework.test.annotation.SystemProfileValueSource] for class [com.xuecheng.manage_cms.CmsConfigRepositoryTest]
14:42:20.561 [main] DEBUG org.springframework.test.annotation.ProfileValueUtils - Retrieved @ProfileValueSourceConfiguration [null] for test class [com.xuecheng.manage_cms.CmsConfigRepositoryTest]
14:42:20.561 [main] DEBUG org.springframework.test.annotation.ProfileValueUtils - Retrieved ProfileValueSource type [class org.springframework.test.annotation.SystemProfileValueSource] for class [com.xuecheng.manage_cms.CmsConfigRepositoryTest]
14:42:20.565 [main] DEBUG org.springframework.test.context.support.AbstractDirtiesContextTestExecutionListener - Before test class: context [DefaultTestContext@20140db9 testClass = CmsConfigRepositoryTest, testInstance = [null], testMethod = [null], testException = [null], mergedContextConfiguration = [WebMergedContextConfiguration@1e6a3214 testClass = CmsConfigRepositoryTest, locations = '{}', classes = '{class com.xuecheng.manage_cms.ManageCmsApplication}', contextInitializerClasses = '[]', activeProfiles = '{}', propertySourceLocations = '{}', propertySourceProperties = '{org.springframework.boot.test.context.SpringBootTestContextBootstrapper=true}', contextCustomizers = set[org.springframework.boot.test.context.filter.ExcludeFilterContextCustomizer@45afc369, org.springframework.boot.test.json.DuplicateJsonObjectContextCustomizerFactory$DuplicateJsonObjectContextCustomizer@290dbf45, org.springframework.boot.test.mock.mockito.MockitoContextCustomizer@0, org.springframework.boot.test.web.client.TestRestTemplateContextCustomizer@25359ed8, org.springframework.boot.test.web.reactive.server.WebTestClientContextCustomizer@314c508a, org.springframework.boot.test.autoconfigure.properties.PropertyMappingContextCustomizer@0, org.springframework.boot.test.autoconfigure.web.servlet.WebDriverContextCustomizerFactory$Customizer@797badd3], resourceBasePath = 'src/main/webapp', contextLoader = 'org.springframework.boot.test.context.SpringBootContextLoader', parent = [null]], attributes = map['org.springframework.test.context.web.ServletTestExecutionListener.activateListener' -> true]], class annotated with @DirtiesContext [false] with mode [null].
14:42:20.565 [main] DEBUG org.springframework.test.annotation.ProfileValueUtils - Retrieved @ProfileValueSourceConfiguration [null] for test class [com.xuecheng.manage_cms.CmsConfigRepositoryTest]
14:42:20.565 [main] DEBUG org.springframework.test.annotation.ProfileValueUtils - Retrieved ProfileValueSource type [class org.springframework.test.annotation.SystemProfileValueSource] for class [com.xuecheng.manage_cms.CmsConfigRepositoryTest]
14:42:20.581 [main] DEBUG org.springframework.core.env.StandardEnvironment - Adding PropertySource 'systemProperties' with lowest search precedence
14:42:20.581 [main] DEBUG org.springframework.core.env.StandardEnvironment - Adding PropertySource 'systemEnvironment' with lowest search precedence
14:42:20.581 [main] DEBUG org.springframework.core.env.StandardEnvironment - Initialized StandardEnvironment with PropertySources [MapPropertySource@1250142026 {name='systemProperties', properties={idea.version=2018.3.4, java.runtime.name=Java(TM) SE Runtime Environment, sun.boot.library.path=D:\develop\Java\jdk1.8\jre\bin, java.vm.version=25.201-b09, java.vm.vendor=Oracle Corporation, java.vendor.url=http://java.oracle.com/, path.separator=;, java.vm.name=Java HotSpot(TM) 64-Bit Server VM, file.encoding.pkg=sun.io, user.country=CN, user.script=, sun.java.launcher=SUN_STANDARD, sun.os.patch.level=, java.vm.specification.name=Java Virtual Machine Specification, user.dir=D:\develop\workspace\XC\XcEduCode01\xc-service-manage-cms, java.runtime.version=1.8.0_201-b09, basedir=D:\develop\workspace\XC\XcEduCode01\xc-service-manage-cms, java.awt.graphicsenv=sun.awt.Win32GraphicsEnvironment, java.endorsed.dirs=D:\develop\Java\jdk1.8\jre\lib\endorsed, os.arch=amd64, surefire.real.class.path=C:\Users\89242\AppData\Local\Temp\surefire6617365025792665209\surefirebooter5036665214877865386.jar, java.io.tmpdir=C:\Users\89242\AppData\Local\Temp\, line.separator=
, java.vm.specification.vendor=Oracle Corporation, user.variant=, os.name=Windows 10, sun.jnu.encoding=GBK, java.library.path=D:\develop\Java\jdk1.8\jre\bin;C:\Windows\Sun\Java\bin;C:\Windows\system32;C:\Windows;D:\develop\apache-maven-3.5.2\bin;C:\Program Files (x86)\Common Files\Oracle\Java\javapath;C:\Program Files (x86)\Intel\iCLS Client\;C:\Program Files\Intel\iCLS Client\;C:\Windows\system32;C:\Windows;C:\Windows\System32\Wbem;C:\Windows\System32\WindowsPowerShell\v1.0\;C:\Program Files (x86)\Intel\Intel(R) Management Engine Components\DAL;C:\Program Files\Intel\Intel(R) Management Engine Components\DAL;C:\Program Files (x86)\Intel\Intel(R) Management Engine Components\IPT;C:\Program Files\Intel\Intel(R) Management Engine Components\IPT;C:\Program Files (x86)\NVIDIA Corporation\PhysX\Common;C:\Program Files\Intel\WiFi\bin\;C:\Program Files\Common Files\Intel\WirelessCommon\;D:\develop\Java\jdk1.8\bin;D:\develop\mysql\bin;D:\develop\Git\cmd;D:\develop\TortoiiseGit\bin;D:\develop\svn\bin;D:\develop\TortoiiseSVN\bin;%NODE_HOME%\npm_modules;D:\develop\nodejs\;C:\Users\89242\AppData\Local\Microsoft\WindowsApps;;D:\develop\IntelliJ IDEA 2018.3.4\bin;;d:\develop\Microsoft VS Code\bin;C:\Users\89242\AppData\Roaming\npm;., surefire.test.class.path=D:\develop\workspace\XC\XcEduCode01\xc-service-manage-cms\target\test-classes;D:\develop\workspace\XC\XcEduCode01\xc-service-manage-cms\target\classes;D:\develop\apache-maven-3.5.2\maven_repository\com\xuecheng\xc-service-api\1.0-SNAPSHOT\xc-service-api-1.0-SNAPSHOT.jar;D:\develop\apache-maven-3.5.2\maven_repository\commons-fileupload\commons-fileupload\1.3.3\commons-fileupload-1.3.3.jar;D:\develop\apache-maven-3.5.2\maven_repository\io\springfox\springfox-swagger2\2.7.0\springfox-swagger2-2.7.0.jar;D:\develop\apache-maven-3.5.2\maven_repository\io\swagger\swagger-annotations\1.5.13\swagger-annotations-1.5.13.jar;D:\develop\apache-maven-3.5.2\maven_repository\io\swagger\swagger-models\1.5.13\swagger-models-1.5.13.jar;D:\develop\apache-maven-3.5.2\maven_repository\com\fasterxml\jackson\core\jackson-annotations\2.9.0\jackson-annotations-2.9.0.jar;D:\develop\apache-maven-3.5.2\maven_repository\io\springfox\springfox-spi\2.7.0\springfox-spi-2.7.0.jar;D:\develop\apache-maven-3.5.2\maven_repository\io\springfox\springfox-core\2.7.0\springfox-core-2.7.0.jar;D:\develop\apache-maven-3.5.2\maven_repository\io\springfox\springfox-schema\2.7.0\springfox-schema-2.7.0.jar;D:\develop\apache-maven-3.5.2\maven_repository\io\springfox\springfox-swagger-common\2.7.0\springfox-swagger-common-2.7.0.jar;D:\develop\apache-maven-3.5.2\maven_repository\io\springfox\springfox-spring-web\2.7.0\springfox-spring-web-2.7.0.jar;D:\develop\apache-maven-3.5.2\maven_repository\org\reflections\reflections\0.9.11\reflections-0.9.11.jar;D:\develop\apache-maven-3.5.2\maven_repository\com\fasterxml\classmate\1.3.4\classmate-1.3.4.jar;D:\develop\apache-maven-3.5.2\maven_repository\org\slf4j\slf4j-api\1.7.25\slf4j-api-1.7.25.jar;D:\develop\apache-maven-3.5.2\maven_repository\org\springframework\plugin\spring-plugin-core\1.2.0.RELEASE\spring-plugin-core-1.2.0.RELEASE.jar;D:\develop\apache-maven-3.5.2\maven_repository\org\springframework\plugin\spring-plugin-metadata\1.2.0.RELEASE\spring-plugin-metadata-1.2.0.RELEASE.jar;D:\develop\apache-maven-3.5.2\maven_repository\org\mapstruct\mapstruct\1.1.0.Final\mapstruct-1.1.0.Final.jar;D:\develop\apache-maven-3.5.2\maven_repository\io\springfox\springfox-swagger-ui\2.7.0\springfox-swagger-ui-2.7.0.jar;D:\develop\apache-maven-3.5.2\maven_repository\com\alibaba\fastjson\1.2.30\fastjson-1.2.30.jar;D:\develop\apache-maven-3.5.2\maven_repository\commons-io\commons-io\2.6\commons-io-2.6.jar;D:\develop\apache-maven-3.5.2\maven_repository\org\apache\commons\commons-lang3\3.6\commons-lang3-3.6.jar;D:\develop\apache-maven-3.5.2\maven_repository\com\xuecheng\xc-framework-model\1.0-SNAPSHOT\xc-framework-model-1.0-SNAPSHOT.jar;D:\develop\apache-maven-3.5.2\maven_repository\org\projectlombok\lombok\1.16.16\lombok-1.16.16.jar;D:\develop\apache-maven-3.5.2\maven_repository\org\springframework\data\spring-data-commons\2.0.6.RELEASE\spring-data-commons-2.0.6.RELEASE.jar;D:\develop\apache-maven-3.5.2\maven_repository\org\springframework\spring-beans\5.0.5.RELEASE\spring-beans-5.0.5.RELEASE.jar;D:\develop\apache-maven-3.5.2\maven_repository\org\springframework\data\spring-data-mongodb\2.0.6.RELEASE\spring-data-mongodb-2.0.6.RELEASE.jar;D:\develop\apache-maven-3.5.2\maven_repository\org\springframework\spring-tx\5.0.5.RELEASE\spring-tx-5.0.5.RELEASE.jar;D:\develop\apache-maven-3.5.2\maven_repository\org\springframework\spring-context\5.0.5.RELEASE\spring-context-5.0.5.RELEASE.jar;D:\develop\apache-maven-3.5.2\maven_repository\org\springframework\spring-expression\5.0.5.RELEASE\spring-expression-5.0.5.RELEASE.jar;D:\develop\apache-maven-3.5.2\maven_repository\org\mongodb\mongo-java-driver\3.6.3\mongo-java-driver-3.6.3.jar;D:\develop\apache-maven-3.5.2\maven_repository\org\hibernate\hibernate-core\5.2.16.Final\hibernate-core-5.2.16.Final.jar;D:\develop\apache-maven-3.5.2\maven_repository\org\jboss\logging\jboss-logging\3.3.2.Final\jboss-logging-3.3.2.Final.jar;D:\develop\apache-maven-3.5.2\maven_repository\org\hibernate\javax\persistence\hibernate-jpa-2.1-api\1.0.0.Final\hibernate-jpa-2.1-api-1.0.0.Final.jar;D:\develop\apache-maven-3.5.2\maven_repository\org\javassist\javassist\3.22.0-GA\javassist-3.22.0-GA.jar;D:\develop\apache-maven-3.5.2\maven_repository\antlr\antlr\2.7.7\antlr-2.7.7.jar;D:\develop\apache-maven-3.5.2\maven_repository\org\jboss\spec\javax\transaction\jboss-transaction-api_1.2_spec\1.0.1.Final\jboss-transaction-api_1.2_spec-1.0.1.Final.jar;D:\develop\apache-maven-3.5.2\maven_repository\org\jboss\jandex\2.0.3.Final\jandex-2.0.3.Final.jar;D:\develop\apache-maven-3.5.2\maven_repository\dom4j\dom4j\1.6.1\dom4j-1.6.1.jar;D:\develop\apache-maven-3.5.2\maven_repository\org\hibernate\common\hibernate-commons-annotations\5.0.1.Final\hibernate-commons-annotations-5.0.1.Final.jar;D:\develop\apache-maven-3.5.2\maven_repository\com\google\guava\guava\24.0-jre\guava-24.0-jre.jar;D:\develop\apache-maven-3.5.2\maven_repository\com\google\code\findbugs\jsr305\1.3.9\jsr305-1.3.9.jar;D:\develop\apache-maven-3.5.2\maven_repository\org\checkerframework\checker-compat-qual\2.0.0\checker-compat-qual-2.0.0.jar;D:\develop\apache-maven-3.5.2\maven_repository\com\google\errorprone\error_prone_annotations\2.1.3\error_prone_annotations-2.1.3.jar;D:\develop\apache-maven-3.5.2\maven_repository\com\google\j2objc\j2objc-annotations\1.1\j2objc-annotations-1.1.jar;D:\develop\apache-maven-3.5.2\maven_repository\org\codehaus\mojo\animal-sniffer-annotations\1.14\animal-sniffer-annotations-1.14.jar;D:\develop\apache-maven-3.5.2\maven_repository\com\xuecheng\xc-framework-utils\1.0-SNAPSHOT\xc-framework-utils-1.0-SNAPSHOT.jar;D:\develop\apache-maven-3.5.2\maven_repository\javax\servlet\javax.servlet-api\3.1.0\javax.servlet-api-3.1.0.jar;D:\develop\apache-maven-3.5.2\maven_repository\org\springframework\boot\spring-boot-starter-logging\2.0.1.RELEASE\spring-boot-starter-logging-2.0.1.RELEASE.jar;D:\develop\apache-maven-3.5.2\maven_repository\ch\qos\logback\logback-classic\1.2.3\logback-classic-1.2.3.jar;D:\develop\apache-maven-3.5.2\maven_repository\ch\qos\logback\logback-core\1.2.3\logback-core-1.2.3.jar;D:\develop\apache-maven-3.5.2\maven_repository\org\apache\logging\log4j\log4j-to-slf4j\2.10.0\log4j-to-slf4j-2.10.0.jar;D:\develop\apache-maven-3.5.2\maven_repository\org\apache\logging\log4j\log4j-api\2.10.0\log4j-api-2.10.0.jar;D:\develop\apache-maven-3.5.2\maven_repository\org\slf4j\jul-to-slf4j\1.7.25\jul-to-slf4j-1.7.25.jar;D:\develop\apache-maven-3.5.2\maven_repository\org\apache\httpcomponents\httpclient\4.5.5\httpclient-4.5.5.jar;D:\develop\apache-maven-3.5.2\maven_repository\org\apache\httpcomponents\httpcore\4.4.9\httpcore-4.4.9.jar;D:\develop\apache-maven-3.5.2\maven_repository\commons-codec\commons-codec\1.10\commons-codec-1.10.jar;D:\develop\apache-maven-3.5.2\maven_repository\net\lingala\zip4j\zip4j\1.3.1\zip4j-1.3.1.jar;D:\develop\apache-maven-3.5.2\maven_repository\org\springframework\security\spring-security-crypto\5.0.4.RELEASE\spring-security-crypto-5.0.4.RELEASE.jar;D:\develop\apache-maven-3.5.2\maven_repository\org\springframework\security\spring-security-jwt\1.0.8.RELEASE\spring-security-jwt-1.0.8.RELEASE.jar;D:\develop\apache-maven-3.5.2\maven_repository\org\bouncycastle\bcpkix-jdk15on\1.56\bcpkix-jdk15on-1.56.jar;D:\develop\apache-maven-3.5.2\maven_repository\org\bouncycastle\bcprov-jdk15on\1.56\bcprov-jdk15on-1.56.jar;D:\develop\apache-maven-3.5.2\maven_repository\com\xuecheng\xc-framework-common\1.0-SNAPSHOT\xc-framework-common-1.0-SNAPSHOT.jar;D:\develop\apache-maven-3.5.2\maven_repository\org\springframework\spring-web\5.0.5.RELEASE\spring-web-5.0.5.RELEASE.jar;D:\develop\apache-maven-3.5.2\maven_repository\org\springframework\boot\spring-boot-starter-web\2.0.1.RELEASE\spring-boot-starter-web-2.0.1.RELEASE.jar;D:\develop\apache-maven-3.5.2\maven_repository\org\springframework\boot\spring-boot-starter\2.0.1.RELEASE\spring-boot-starter-2.0.1.RELEASE.jar;D:\develop\apache-maven-3.5.2\maven_repository\org\springframework\boot\spring-boot\2.0.1.RELEASE\spring-boot-2.0.1.RELEASE.jar;D:\develop\apache-maven-3.5.2\maven_repository\org\springframework\boot\spring-boot-autoconfigure\2.0.1.RELEASE\spring-boot-autoconfigure-2.0.1.RELEASE.jar;D:\develop\apache-maven-3.5.2\maven_repository\javax\annotation\javax.annotation-api\1.3.2\javax.annotation-api-1.3.2.jar;D:\develop\apache-maven-3.5.2\maven_repository\org\yaml\snakeyaml\1.19\snakeyaml-1.19.jar;D:\develop\apache-maven-3.5.2\maven_repository\org\springframework\boot\spring-boot-starter-json\2.0.1.RELEASE\spring-boot-starter-json-2.0.1.RELEASE.jar;D:\develop\apache-maven-3.5.2\maven_repository\com\fasterxml\jackson\core\jackson-databind\2.9.5\jackson-databind-2.9.5.jar;D:\develop\apache-maven-3.5.2\maven_repository\com\fasterxml\jackson\core\jackson-core\2.9.5\jackson-core-2.9.5.jar;D:\develop\apache-maven-3.5.2\maven_repository\com\fasterxml\jackson\datatype\jackson-datatype-jdk8\2.9.5\jackson-datatype-jdk8-2.9.5.jar;D:\develop\apache-maven-3.5.2\maven_repository\com\fasterxml\jackson\datatype\jackson-datatype-jsr310\2.9.5\jackson-datatype-jsr310-2.9.5.jar;D:\develop\apache-maven-3.5.2\maven_repository\com\fasterxml\jackson\module\jackson-module-parameter-names\2.9.5\jackson-module-parameter-names-2.9.5.jar;D:\develop\apache-maven-3.5.2\maven_repository\org\springframework\boot\spring-boot-starter-tomcat\2.0.1.RELEASE\spring-boot-starter-tomcat-2.0.1.RELEASE.jar;D:\develop\apache-maven-3.5.2\maven_repository\org\apache\tomcat\embed\tomcat-embed-core\8.5.28\tomcat-embed-core-8.5.28.jar;D:\develop\apache-maven-3.5.2\maven_repository\org\apache\tomcat\embed\tomcat-embed-el\8.5.28\tomcat-embed-el-8.5.28.jar;D:\develop\apache-maven-3.5.2\maven_repository\org\apache\tomcat\embed\tomcat-embed-websocket\8.5.28\tomcat-embed-websocket-8.5.28.jar;D:\develop\apache-maven-3.5.2\maven_repository\org\hibernate\validator\hibernate-validator\6.0.9.Final\hibernate-validator-6.0.9.Final.jar;D:\develop\apache-maven-3.5.2\maven_repository\javax\validation\validation-api\2.0.1.Final\validation-api-2.0.1.Final.jar;D:\develop\apache-maven-3.5.2\maven_repository\org\springframework\spring-webmvc\5.0.5.RELEASE\spring-webmvc-5.0.5.RELEASE.jar;D:\develop\apache-maven-3.5.2\maven_repository\org\springframework\spring-aop\5.0.5.RELEASE\spring-aop-5.0.5.RELEASE.jar;D:\develop\apache-maven-3.5.2\maven_repository\org\springframework\boot\spring-boot-starter-freemarker\2.0.1.RELEASE\spring-boot-starter-freemarker-2.0.1.RELEASE.jar;D:\develop\apache-maven-3.5.2\maven_repository\org\freemarker\freemarker\2.3.28\freemarker-2.3.28.jar;D:\develop\apache-maven-3.5.2\maven_repository\org\springframework\spring-context-support\5.0.5.RELEASE\spring-context-support-5.0.5.RELEASE.jar;D:\develop\apache-maven-3.5.2\maven_repository\org\springframework\boot\spring-boot-starter-data-mongodb\2.0.1.RELEASE\spring-boot-starter-data-mongodb-2.0.1.RELEASE.jar;D:\develop\apache-maven-3.5.2\maven_repository\org\mongodb\mongodb-driver\3.6.3\mongodb-driver-3.6.3.jar;D:\develop\apache-maven-3.5.2\maven_repository\org\mongodb\bson\3.6.3\bson-3.6.3.jar;D:\develop\apache-maven-3.5.2\maven_repository\org\mongodb\mongodb-driver-core\3.6.3\mongodb-driver-core-3.6.3.jar;D:\develop\apache-maven-3.5.2\maven_repository\org\springframework\boot\spring-boot-starter-amqp\2.0.1.RELEASE\spring-boot-starter-amqp-2.0.1.RELEASE.jar;D:\develop\apache-maven-3.5.2\maven_repository\org\springframework\spring-messaging\5.0.5.RELEASE\spring-messaging-5.0.5.RELEASE.jar;D:\develop\apache-maven-3.5.2\maven_repository\org\springframework\amqp\spring-rabbit\2.0.3.RELEASE\spring-rabbit-2.0.3.RELEASE.jar;D:\develop\apache-maven-3.5.2\maven_repository\org\springframework\amqp\spring-amqp\2.0.3.RELEASE\spring-amqp-2.0.3.RELEASE.jar;D:\develop\apache-maven-3.5.2\maven_repository\com\rabbitmq\amqp-client\5.1.2\amqp-client-5.1.2.jar;D:\develop\apache-maven-3.5.2\maven_repository\com\rabbitmq\http-client\2.0.1.RELEASE\http-client-2.0.1.RELEASE.jar;D:\develop\apache-maven-3.5.2\maven_repository\org\springframework\spring-webflux\5.0.5.RELEASE\spring-webflux-5.0.5.RELEASE.jar;D:\develop\apache-maven-3.5.2\maven_repository\io\projectreactor\reactor-core\3.1.6.RELEASE\reactor-core-3.1.6.RELEASE.jar;D:\develop\apache-maven-3.5.2\maven_repository\org\reactivestreams\reactive-streams\1.0.2\reactive-streams-1.0.2.jar;D:\develop\apache-maven-3.5.2\maven_repository\io\projectreactor\ipc\reactor-netty\0.7.6.RELEASE\reactor-netty-0.7.6.RELEASE.jar;D:\develop\apache-maven-3.5.2\maven_repository\io\netty\netty-codec-http\4.1.23.Final\netty-codec-http-4.1.23.Final.jar;D:\develop\apache-maven-3.5.2\maven_repository\io\netty\netty-codec\4.1.23.Final\netty-codec-4.1.23.Final.jar;D:\develop\apache-maven-3.5.2\maven_repository\io\netty\netty-handler\4.1.23.Final\netty-handler-4.1.23.Final.jar;D:\develop\apache-maven-3.5.2\maven_repository\io\netty\netty-buffer\4.1.23.Final\netty-buffer-4.1.23.Final.jar;D:\develop\apache-maven-3.5.2\maven_repository\io\netty\netty-transport\4.1.23.Final\netty-transport-4.1.23.Final.jar;D:\develop\apache-maven-3.5.2\maven_repository\io\netty\netty-resolver\4.1.23.Final\netty-resolver-4.1.23.Final.jar;D:\develop\apache-maven-3.5.2\maven_repository\io\netty\netty-handler-proxy\4.1.23.Final\netty-handler-proxy-4.1.23.Final.jar;D:\develop\apache-maven-3.5.2\maven_repository\io\netty\netty-codec-socks\4.1.23.Final\netty-codec-socks-4.1.23.Final.jar;D:\develop\apache-maven-3.5.2\maven_repository\io\netty\netty-transport-native-epoll\4.1.23.Final\netty-transport-native-epoll-4.1.23.Final.jar;D:\develop\apache-maven-3.5.2\maven_repository\io\netty\netty-common\4.1.23.Final\netty-common-4.1.23.Final.jar;D:\develop\apache-maven-3.5.2\maven_repository\io\netty\netty-transport-native-unix-common\4.1.23.Final\netty-transport-native-unix-common-4.1.23.Final.jar;D:\develop\apache-maven-3.5.2\maven_repository\org\springframework\retry\spring-retry\1.2.2.RELEASE\spring-retry-1.2.2.RELEASE.jar;D:\develop\apache-maven-3.5.2\maven_repository\com\squareup\okhttp3\okhttp\3.9.1\okhttp-3.9.1.jar;D:\develop\apache-maven-3.5.2\maven_repository\com\squareup\okio\okio\1.13.0\okio-1.13.0.jar;D:\develop\apache-maven-3.5.2\maven_repository\org\springframework\boot\spring-boot-starter-test\2.0.1.RELEASE\spring-boot-starter-test-2.0.1.RELEASE.jar;D:\develop\apache-maven-3.5.2\maven_repository\org\springframework\boot\spring-boot-test\2.0.1.RELEASE\spring-boot-test-2.0.1.RELEASE.jar;D:\develop\apache-maven-3.5.2\maven_repository\org\springframework\boot\spring-boot-test-autoconfigure\2.0.1.RELEASE\spring-boot-test-autoconfigure-2.0.1.RELEASE.jar;D:\develop\apache-maven-3.5.2\maven_repository\com\jayway\jsonpath\json-path\2.4.0\json-path-2.4.0.jar;D:\develop\apache-maven-3.5.2\maven_repository\net\minidev\json-smart\2.3\json-smart-2.3.jar;D:\develop\apache-maven-3.5.2\maven_repository\net\minidev\accessors-smart\1.2\accessors-smart-1.2.jar;D:\develop\apache-maven-3.5.2\maven_repository\org\ow2\asm\asm\5.0.4\asm-5.0.4.jar;D:\develop\apache-maven-3.5.2\maven_repository\junit\junit\4.12\junit-4.12.jar;D:\develop\apache-maven-3.5.2\maven_repository\org\assertj\assertj-core\3.9.1\assertj-core-3.9.1.jar;D:\develop\apache-maven-3.5.2\maven_repository\org\mockito\mockito-core\2.15.0\mockito-core-2.15.0.jar;D:\develop\apache-maven-3.5.2\maven_repository\net\bytebuddy\byte-buddy\1.7.11\byte-buddy-1.7.11.jar;D:\develop\apache-maven-3.5.2\maven_repository\net\bytebuddy\byte-buddy-agent\1.7.11\byte-buddy-agent-1.7.11.jar;D:\develop\apache-maven-3.5.2\maven_repository\org\objenesis\objenesis\2.6\objenesis-2.6.jar;D:\develop\apache-maven-3.5.2\maven_repository\org\hamcrest\hamcrest-core\1.3\hamcrest-core-1.3.jar;D:\develop\apache-maven-3.5.2\maven_repository\org\hamcrest\hamcrest-library\1.3\hamcrest-library-1.3.jar;D:\develop\apache-maven-3.5.2\maven_repository\org\skyscreamer\jsonassert\1.5.0\jsonassert-1.5.0.jar;D:\develop\apache-maven-3.5.2\maven_repository\com\vaadin\external\google\android-json\0.0.20131108.vaadin1\android-json-0.0.20131108.vaadin1.jar;D:\develop\apache-maven-3.5.2\maven_repository\org\springframework\spring-core\5.0.5.RELEASE\spring-core-5.0.5.RELEASE.jar;D:\develop\apache-maven-3.5.2\maven_repository\org\springframework\spring-jcl\5.0.5.RELEASE\spring-jcl-5.0.5.RELEASE.jar;D:\develop\apache-maven-3.5.2\maven_repository\org\springframework\spring-test\5.0.5.RELEASE\spring-test-5.0.5.RELEASE.jar;D:\develop\apache-maven-3.5.2\maven_repository\org\xmlunit\xmlunit-core\2.5.1\xmlunit-core-2.5.1.jar;, java.specification.name=Java Platform API Specification, java.class.version=52.0, sun.management.compiler=HotSpot 64-Bit Tiered Compilers, os.version=10.0, user.home=C:\Users\89242, user.timezone=Asia/Shanghai, java.awt.printerjob=sun.awt.windows.WPrinterJob, file.encoding=GBK, java.specification.version=1.8, java.class.path=D:\develop\workspace\XC\XcEduCode01\xc-service-manage-cms\target\test-classes;D:\develop\workspace\XC\XcEduCode01\xc-service-manage-cms\target\classes;D:\develop\apache-maven-3.5.2\maven_repository\com\xuecheng\xc-service-api\1.0-SNAPSHOT\xc-service-api-1.0-SNAPSHOT.jar;D:\develop\apache-maven-3.5.2\maven_repository\commons-fileupload\commons-fileupload\1.3.3\commons-fileupload-1.3.3.jar;D:\develop\apache-maven-3.5.2\maven_repository\io\springfox\springfox-swagger2\2.7.0\springfox-swagger2-2.7.0.jar;D:\develop\apache-maven-3.5.2\maven_repository\io\swagger\swagger-annotations\1.5.13\swagger-annotations-1.5.13.jar;D:\develop\apache-maven-3.5.2\maven_repository\io\swagger\swagger-models\1.5.13\swagger-models-1.5.13.jar;D:\develop\apache-maven-3.5.2\maven_repository\com\fasterxml\jackson\core\jackson-annotations\2.9.0\jackson-annotations-2.9.0.jar;D:\develop\apache-maven-3.5.2\maven_repository\io\springfox\springfox-spi\2.7.0\springfox-spi-2.7.0.jar;D:\develop\apache-maven-3.5.2\maven_repository\io\springfox\springfox-core\2.7.0\springfox-core-2.7.0.jar;D:\develop\apache-maven-3.5.2\maven_repository\io\springfox\springfox-schema\2.7.0\springfox-schema-2.7.0.jar;D:\develop\apache-maven-3.5.2\maven_repository\io\springfox\springfox-swagger-common\2.7.0\springfox-swagger-common-2.7.0.jar;D:\develop\apache-maven-3.5.2\maven_repository\io\springfox\springfox-spring-web\2.7.0\springfox-spring-web-2.7.0.jar;D:\develop\apache-maven-3.5.2\maven_repository\org\reflections\reflections\0.9.11\reflections-0.9.11.jar;D:\develop\apache-maven-3.5.2\maven_repository\com\fasterxml\classmate\1.3.4\classmate-1.3.4.jar;D:\develop\apache-maven-3.5.2\maven_repository\org\slf4j\slf4j-api\1.7.25\slf4j-api-1.7.25.jar;D:\develop\apache-maven-3.5.2\maven_repository\org\springframework\plugin\spring-plugin-core\1.2.0.RELEASE\spring-plugin-core-1.2.0.RELEASE.jar;D:\develop\apache-maven-3.5.2\maven_repository\org\springframework\plugin\spring-plugin-metadata\1.2.0.RELEASE\spring-plugin-metadata-1.2.0.RELEASE.jar;D:\develop\apache-maven-3.5.2\maven_repository\org\mapstruct\mapstruct\1.1.0.Final\mapstruct-1.1.0.Final.jar;D:\develop\apache-maven-3.5.2\maven_repository\io\springfox\springfox-swagger-ui\2.7.0\springfox-swagger-ui-2.7.0.jar;D:\develop\apache-maven-3.5.2\maven_repository\com\alibaba\fastjson\1.2.30\fastjson-1.2.30.jar;D:\develop\apache-maven-3.5.2\maven_repository\commons-io\commons-io\2.6\commons-io-2.6.jar;D:\develop\apache-maven-3.5.2\maven_repository\org\apache\commons\commons-lang3\3.6\commons-lang3-3.6.jar;D:\develop\apache-maven-3.5.2\maven_repository\com\xuecheng\xc-framework-model\1.0-SNAPSHOT\xc-framework-model-1.0-SNAPSHOT.jar;D:\develop\apache-maven-3.5.2\maven_repository\org\projectlombok\lombok\1.16.16\lombok-1.16.16.jar;D:\develop\apache-maven-3.5.2\maven_repository\org\springframework\data\spring-data-commons\2.0.6.RELEASE\spring-data-commons-2.0.6.RELEASE.jar;D:\develop\apache-maven-3.5.2\maven_repository\org\springframework\spring-beans\5.0.5.RELEASE\spring-beans-5.0.5.RELEASE.jar;D:\develop\apache-maven-3.5.2\maven_repository\org\springframework\data\spring-data-mongodb\2.0.6.RELEASE\spring-data-mongodb-2.0.6.RELEASE.jar;D:\develop\apache-maven-3.5.2\maven_repository\org\springframework\spring-tx\5.0.5.RELEASE\spring-tx-5.0.5.RELEASE.jar;D:\develop\apache-maven-3.5.2\maven_repository\org\springframework\spring-context\5.0.5.RELEASE\spring-context-5.0.5.RELEASE.jar;D:\develop\apache-maven-3.5.2\maven_repository\org\springframework\spring-expression\5.0.5.RELEASE\spring-expression-5.0.5.RELEASE.jar;D:\develop\apache-maven-3.5.2\maven_repository\org\mongodb\mongo-java-driver\3.6.3\mongo-java-driver-3.6.3.jar;D:\develop\apache-maven-3.5.2\maven_repository\org\hibernate\hibernate-core\5.2.16.Final\hibernate-core-5.2.16.Final.jar;D:\develop\apache-maven-3.5.2\maven_repository\org\jboss\logging\jboss-logging\3.3.2.Final\jboss-logging-3.3.2.Final.jar;D:\develop\apache-maven-3.5.2\maven_repository\org\hibernate\javax\persistence\hibernate-jpa-2.1-api\1.0.0.Final\hibernate-jpa-2.1-api-1.0.0.Final.jar;D:\develop\apache-maven-3.5.2\maven_repository\org\javassist\javassist\3.22.0-GA\javassist-3.22.0-GA.jar;D:\develop\apache-maven-3.5.2\maven_repository\antlr\antlr\2.7.7\antlr-2.7.7.jar;D:\develop\apache-maven-3.5.2\maven_repository\org\jboss\spec\javax\transaction\jboss-transaction-api_1.2_spec\1.0.1.Final\jboss-transaction-api_1.2_spec-1.0.1.Final.jar;D:\develop\apache-maven-3.5.2\maven_repository\org\jboss\jandex\2.0.3.Final\jandex-2.0.3.Final.jar;D:\develop\apache-maven-3.5.2\maven_repository\dom4j\dom4j\1.6.1\dom4j-1.6.1.jar;D:\develop\apache-maven-3.5.2\maven_repository\org\hibernate\common\hibernate-commons-annotations\5.0.1.Final\hibernate-commons-annotations-5.0.1.Final.jar;D:\develop\apache-maven-3.5.2\maven_repository\com\google\guava\guava\24.0-jre\guava-24.0-jre.jar;D:\develop\apache-maven-3.5.2\maven_repository\com\google\code\findbugs\jsr305\1.3.9\jsr305-1.3.9.jar;D:\develop\apache-maven-3.5.2\maven_repository\org\checkerframework\checker-compat-qual\2.0.0\checker-compat-qual-2.0.0.jar;D:\develop\apache-maven-3.5.2\maven_repository\com\google\errorprone\error_prone_annotations\2.1.3\error_prone_annotations-2.1.3.jar;D:\develop\apache-maven-3.5.2\maven_repository\com\google\j2objc\j2objc-annotations\1.1\j2objc-annotations-1.1.jar;D:\develop\apache-maven-3.5.2\maven_repository\org\codehaus\mojo\animal-sniffer-annotations\1.14\animal-sniffer-annotations-1.14.jar;D:\develop\apache-maven-3.5.2\maven_repository\com\xuecheng\xc-framework-utils\1.0-SNAPSHOT\xc-framework-utils-1.0-SNAPSHOT.jar;D:\develop\apache-maven-3.5.2\maven_repository\javax\servlet\javax.servlet-api\3.1.0\javax.servlet-api-3.1.0.jar;D:\develop\apache-maven-3.5.2\maven_repository\org\springframework\boot\spring-boot-starter-logging\2.0.1.RELEASE\spring-boot-starter-logging-2.0.1.RELEASE.jar;D:\develop\apache-maven-3.5.2\maven_repository\ch\qos\logback\logback-classic\1.2.3\logback-classic-1.2.3.jar;D:\develop\apache-maven-3.5.2\maven_repository\ch\qos\logback\logback-core\1.2.3\logback-core-1.2.3.jar;D:\develop\apache-maven-3.5.2\maven_repository\org\apache\logging\log4j\log4j-to-slf4j\2.10.0\log4j-to-slf4j-2.10.0.jar;D:\develop\apache-maven-3.5.2\maven_repository\org\apache\logging\log4j\log4j-api\2.10.0\log4j-api-2.10.0.jar;D:\develop\apache-maven-3.5.2\maven_repository\org\slf4j\jul-to-slf4j\1.7.25\jul-to-slf4j-1.7.25.jar;D:\develop\apache-maven-3.5.2\maven_repository\org\apache\httpcomponents\httpclient\4.5.5\httpclient-4.5.5.jar;D:\develop\apache-maven-3.5.2\maven_repository\org\apache\httpcomponents\httpcore\4.4.9\httpcore-4.4.9.jar;D:\develop\apache-maven-3.5.2\maven_repository\commons-codec\commons-codec\1.10\commons-codec-1.10.jar;D:\develop\apache-maven-3.5.2\maven_repository\net\lingala\zip4j\zip4j\1.3.1\zip4j-1.3.1.jar;D:\develop\apache-maven-3.5.2\maven_repository\org\springframework\security\spring-security-crypto\5.0.4.RELEASE\spring-security-crypto-5.0.4.RELEASE.jar;D:\develop\apache-maven-3.5.2\maven_repository\org\springframework\security\spring-security-jwt\1.0.8.RELEASE\spring-security-jwt-1.0.8.RELEASE.jar;D:\develop\apache-maven-3.5.2\maven_repository\org\bouncycastle\bcpkix-jdk15on\1.56\bcpkix-jdk15on-1.56.jar;D:\develop\apache-maven-3.5.2\maven_repository\org\bouncycastle\bcprov-jdk15on\1.56\bcprov-jdk15on-1.56.jar;D:\develop\apache-maven-3.5.2\maven_repository\com\xuecheng\xc-framework-common\1.0-S
[...]
ckson-datatype-jsr310\2.9.5\jackson-datatype-jsr310-2.9.5.jar;D:\develop\apache-maven-3.5.2\maven_repository\com\fasterxml\jackson\module\jackson-module-parameter-names\2.9.5\jackson-module-parameter-names-2.9.5.jar;D:\develop\apache-maven-3.5.2\maven_repository\org\springframework\boot\spring-boot-starter-tomcat\2.0.1.RELEASE\spring-boot-starter-tomcat-2.0.1.RELEASE.jar;D:\develop\apache-maven-3.5.2\maven_repository\org\apache\tomcat\embed\tomcat-embed-core\8.5.28\tomcat-embed-core-8.5.28.jar;D:\develop\apache-maven-3.5.2\maven_repository\org\apache\tomcat\embed\tomcat-embed-el\8.5.28\tomcat-embed-el-8.5.28.jar;D:\develop\apache-maven-3.5.2\maven_repository\org\apache\tomcat\embed\tomcat-embed-websocket\8.5.28\tomcat-embed-websocket-8.5.28.jar;D:\develop\apache-maven-3.5.2\maven_repository\org\hibernate\validator\hibernate-validator\6.0.9.Final\hibernate-validator-6.0.9.Final.jar;D:\develop\apache-maven-3.5.2\maven_repository\javax\validation\validation-api\2.0.1.Final\validation-api-2.0.1.Final.jar;D:\develop\apache-maven-3.5.2\maven_repository\org\springframework\spring-webmvc\5.0.5.RELEASE\spring-webmvc-5.0.5.RELEASE.jar;D:\develop\apache-maven-3.5.2\maven_repository\org\springframework\spring-aop\5.0.5.RELEASE\spring-aop-5.0.5.RELEASE.jar;D:\develop\apache-maven-3.5.2\maven_repository\org\springframework\boot\spring-boot-starter-freemarker\2.0.1.RELEASE\spring-boot-starter-freemarker-2.0.1.RELEASE.jar;D:\develop\apache-maven-3.5.2\maven_repository\org\freemarker\freemarker\2.3.28\freemarker-2.3.28.jar;D:\develop\apache-maven-3.5.2\maven_repository\org\springframework\spring-context-support\5.0.5.RELEASE\spring-context-support-5.0.5.RELEASE.jar;D:\develop\apache-maven-3.5.2\maven_repository\org\springframework\boot\spring-boot-starter-data-mongodb\2.0.1.RELEASE\spring-boot-starter-data-mongodb-2.0.1.RELEASE.jar;D:\develop\apache-maven-3.5.2\maven_repository\org\mongodb\mongodb-driver\3.6.3\mongodb-driver-3.6.3.jar;D:\develop\apache-maven-3.5.2\maven_repository\org\mongodb\bson\3.6.3\bson-3.6.3.jar;D:\develop\apache-maven-3.5.2\maven_repository\org\mongodb\mongodb-driver-core\3.6.3\mongodb-driver-core-3.6.3.jar;D:\develop\apache-maven-3.5.2\maven_repository\org\springframework\boot\spring-boot-starter-amqp\2.0.1.RELEASE\spring-boot-starter-amqp-2.0.1.RELEASE.jar;D:\develop\apache-maven-3.5.2\maven_repository\org\springframework\spring-messaging\5.0.5.RELEASE\spring-messaging-5.0.5.RELEASE.jar;D:\develop\apache-maven-3.5.2\maven_repository\org\springframework\amqp\spring-rabbit\2.0.3.RELEASE\spring-rabbit-2.0.3.RELEASE.jar;D:\develop\apache-maven-3.5.2\maven_repository\org\springframework\amqp\spring-amqp\2.0.3.RELEASE\spring-amqp-2.0.3.RELEASE.jar;D:\develop\apache-maven-3.5.2\maven_repository\com\rabbitmq\amqp-client\5.1.2\amqp-client-5.1.2.jar;D:\develop\apache-maven-3.5.2\maven_repository\com\rabbitmq\http-client\2.0.1.RELEASE\http-client-2.0.1.RELEASE.jar;D:\develop\apache-maven-3.5.2\maven_repository\org\springframework\spring-webflux\5.0.5.RELEASE\spring-webflux-5.0.5.RELEASE.jar;D:\develop\apache-maven-3.5.2\maven_repository\io\projectreactor\reactor-core\3.1.6.RELEASE\reactor-core-3.1.6.RELEASE.jar;D:\develop\apache-maven-3.5.2\maven_repository\org\reactivestreams\reactive-streams\1.0.2\reactive-streams-1.0.2.jar;D:\develop\apache-maven-3.5.2\maven_repository\io\projectreactor\ipc\reactor-netty\0.7.6.RELEASE\reactor-netty-0.7.6.RELEASE.jar;D:\develop\apache-maven-3.5.2\maven_repository\io\netty\netty-codec-http\4.1.23.Final\netty-codec-http-4.1.23.Final.jar;D:\develop\apache-maven-3.5.2\maven_repository\io\netty\netty-codec\4.1.23.Final\netty-codec-4.1.23.Final.jar;D:\develop\apache-maven-3.5.2\maven_repository\io\netty\netty-handler\4.1.23.Final\netty-handler-4.1.23.Final.jar;D:\develop\apache-maven-3.5.2\maven_repository\io\netty\netty-buffer\4.1.23.Final\netty-buffer-4.1.23.Final.jar;D:\develop\apache-maven-3.5.2\maven_repository\io\netty\netty-transport\4.1.23.Final\netty-transport-4.1.23.Final.jar;D:\develop\apache-maven-3.5.2\maven_repository\io\netty\netty-resolver\4.1.23.Final\netty-resolver-4.1.23.Final.jar;D:\develop\apache-maven-3.5.2\maven_repository\io\netty\netty-handler-proxy\4.1.23.Final\netty-handler-proxy-4.1.23.Final.jar;D:\develop\apache-maven-3.5.2\maven_repository\io\netty\netty-codec-socks\4.1.23.Final\netty-codec-socks-4.1.23.Final.jar;D:\develop\apache-maven-3.5.2\maven_repository\io\netty\netty-transport-native-epoll\4.1.23.Final\netty-transport-native-epoll-4.1.23.Final.jar;D:\develop\apache-maven-3.5.2\maven_repository\io\netty\netty-common\4.1.23.Final\netty-common-4.1.23.Final.jar;D:\develop\apache-maven-3.5.2\maven_repository\io\netty\netty-transport-native-unix-common\4.1.23.Final\netty-transport-native-unix-common-4.1.23.Final.jar;D:\develop\apache-maven-3.5.2\maven_repository\org\springframework\retry\spring-retry\1.2.2.RELEASE\spring-retry-1.2.2.RELEASE.jar;D:\develop\apache-maven-3.5.2\maven_repository\com\squareup\okhttp3\okhttp\3.9.1\okhttp-3.9.1.jar;D:\develop\apache-maven-3.5.2\maven_repository\com\squareup\okio\okio\1.13.0\okio-1.13.0.jar;D:\develop\apache-maven-3.5.2\maven_repository\org\springframework\boot\spring-boot-starter-test\2.0.1.RELEASE\spring-boot-starter-test-2.0.1.RELEASE.jar;D:\develop\apache-maven-3.5.2\maven_repository\org\springframework\boot\spring-boot-test\2.0.1.RELEASE\spring-boot-test-2.0.1.RELEASE.jar;D:\develop\apache-maven-3.5.2\maven_repository\org\springframework\boot\spring-boot-test-autoconfigure\2.0.1.RELEASE\spring-boot-test-autoconfigure-2.0.1.RELEASE.jar;D:\develop\apache-maven-3.5.2\maven_repository\com\jayway\jsonpath\json-path\2.4.0\json-path-2.4.0.jar;D:\develop\apache-maven-3.5.2\maven_repository\net\minidev\json-smart\2.3\json-smart-2.3.jar;D:\develop\apache-maven-3.5.2\maven_repository\net\minidev\accessors-smart\1.2\accessors-smart-1.2.jar;D:\develop\apache-maven-3.5.2\maven_repository\org\ow2\asm\asm\5.0.4\asm-5.0.4.jar;D:\develop\apache-maven-3.5.2\maven_repository\junit\junit\4.12\junit-4.12.jar;D:\develop\apache-maven-3.5.2\maven_repository\org\assertj\assertj-core\3.9.1\assertj-core-3.9.1.jar;D:\develop\apache-maven-3.5.2\maven_repository\org\mockito\mockito-core\2.15.0\mockito-core-2.15.0.jar;D:\develop\apache-maven-3.5.2\maven_repository\net\bytebuddy\byte-buddy\1.7.11\byte-buddy-1.7.11.jar;D:\develop\apache-maven-3.5.2\maven_repository\net\bytebuddy\byte-buddy-agent\1.7.11\byte-buddy-agent-1.7.11.jar;D:\develop\apache-maven-3.5.2\maven_repository\org\objenesis\objenesis\2.6\objenesis-2.6.jar;D:\develop\apache-maven-3.5.2\maven_repository\org\hamcrest\hamcrest-core\1.3\hamcrest-core-1.3.jar;D:\develop\apache-maven-3.5.2\maven_repository\org\hamcrest\hamcrest-library\1.3\hamcrest-library-1.3.jar;D:\develop\apache-maven-3.5.2\maven_repository\org\skyscreamer\jsonassert\1.5.0\jsonassert-1.5.0.jar;D:\develop\apache-maven-3.5.2\maven_repository\com\vaadin\external\google\android-json\0.0.20131108.vaadin1\android-json-0.0.20131108.vaadin1.jar;D:\develop\apache-maven-3.5.2\maven_repository\org\springframework\spring-core\5.0.5.RELEASE\spring-core-5.0.5.RELEASE.jar;D:\develop\apache-maven-3.5.2\maven_repository\org\springframework\spring-jcl\5.0.5.RELEASE\spring-jcl-5.0.5.RELEASE.jar;D:\develop\apache-maven-3.5.2\maven_repository\org\springframework\spring-test\5.0.5.RELEASE\spring-test-5.0.5.RELEASE.jar;D:\develop\apache-maven-3.5.2\maven_repository\org\xmlunit\xmlunit-core\2.5.1\xmlunit-core-2.5.1.jar;, user.name=89242, java.vm.specification.version=1.8, sun.java.command=C:\Users\89242\AppData\Local\Temp\surefire6617365025792665209\surefirebooter5036665214877865386.jar C:\Users\89242\AppData\Local\Temp\surefire6617365025792665209 2019-08-11T14-42-19_280-jvmRun1 surefire137627566063076045tmp surefire_06194425282674030742tmp, java.home=D:\develop\Java\jdk1.8\jre, sun.arch.data.model=64, user.language=zh, java.specification.vendor=Oracle Corporation, awt.toolkit=sun.awt.windows.WToolkit, java.vm.info=mixed mode, java.version=1.8.0_201, java.ext.dirs=D:\develop\Java\jdk1.8\jre\lib\ext;C:\Windows\Sun\Java\lib\ext, sun.boot.class.path=D:\develop\Java\jdk1.8\jre\lib\resources.jar;D:\develop\Java\jdk1.8\jre\lib\rt.jar;D:\develop\Java\jdk1.8\jre\lib\sunrsasign.jar;D:\develop\Java\jdk1.8\jre\lib\jsse.jar;D:\develop\Java\jdk1.8\jre\lib\jce.jar;D:\develop\Java\jdk1.8\jre\lib\charsets.jar;D:\develop\Java\jdk1.8\jre\lib\jfr.jar;D:\develop\Java\jdk1.8\jre\classes, java.vendor=Oracle Corporation, localRepository=D:\develop\apache-maven-3.5.2\maven_repository, file.separator=\, java.vendor.url.bug=http://bugreport.sun.com/bugreport/, sun.io.unicode.encoding=UnicodeLittle, sun.cpu.endian=little, sun.desktop=windows, sun.cpu.isalist=amd64}}, SystemEnvironmentPropertySource@20224131 {name='systemEnvironment', properties={PATH=D:\develop\apache-maven-3.5.2\bin;C:\Program Files (x86)\Common Files\Oracle\Java\javapath;C:\Program Files (x86)\Intel\iCLS Client\;C:\Program Files\Intel\iCLS Client\;C:\Windows\system32;C:\Windows;C:\Windows\System32\Wbem;C:\Windows\System32\WindowsPowerShell\v1.0\;C:\Program Files (x86)\Intel\Intel(R) Management Engine Components\DAL;C:\Program Files\Intel\Intel(R) Management Engine Components\DAL;C:\Program Files (x86)\Intel\Intel(R) Management Engine Components\IPT;C:\Program Files\Intel\Intel(R) Management Engine Components\IPT;C:\Program Files (x86)\NVIDIA Corporation\PhysX\Common;C:\Program Files\Intel\WiFi\bin\;C:\Program Files\Common Files\Intel\WirelessCommon\;D:\develop\Java\jdk1.8\bin;D:\develop\mysql\bin;D:\develop\Git\cmd;D:\develop\TortoiiseGit\bin;D:\develop\svn\bin;D:\develop\TortoiiseSVN\bin;%NODE_HOME%\npm_modules;D:\develop\nodejs\;C:\Users\89242\AppData\Local\Microsoft\WindowsApps;;D:\develop\IntelliJ IDEA 2018.3.4\bin;;d:\develop\Microsoft VS Code\bin;C:\Users\89242\AppData\Roaming\npm, USERDOMAIN_ROAMINGPROFILE=DESKTOP-NL6MJRG, PROCESSOR_LEVEL=6, SYSTEMDRIVE=C:, SESSIONNAME=Console, ALLUSERSPROFILE=C:\ProgramData, PROCESSOR_ARCHITECTURE=AMD64, TNS_ADMIN=D:\develop\instantclient_12_1\config, MAVEN_HOME=D:\develop\apache-maven-3.5.2, PROGRAMFILES=C:\Program Files, PSMODULEPATH=C:\Program Files\WindowsPowerShell\Modules;C:\Windows\system32\WindowsPowerShell\v1.0\Modules;D:\develop\svn\PowerShellModules, PROGRAMDATA=C:\ProgramData, USERNAME=89242, VISUALSVN_SERVER=D:\develop\svn\, FPS_BROWSER_USER_PROFILE_STRING=Default, ONEDRIVE=C:\Users\89242\OneDrive, PATHEXT=.COM;.EXE;.BAT;.CMD;.VBS;.VBE;.JS;.JSE;.WSF;.WSH;.MSC, ONEDRIVECONSUMER=C:\Users\89242\OneDrive, WINDIR=C:\Windows, HOMEPATH=\Users\89242, PROCESSOR_IDENTIFIER=Intel64 Family 6 Model 142 Stepping 10, GenuineIntel, PUBLIC=C:\Users\Public, =::=::\, LOCALAPPDATA=C:\Users\89242\AppData\Local, COMMONPROGRAMFILES(X86)=C:\Program Files (x86)\Common Files, USERDOMAIN=DESKTOP-NL6MJRG, FPS_BROWSER_APP_PROFILE_STRING=Internet Explorer, LOGONSERVER=\\DESKTOP-NL6MJRG, JAVA_HOME=D:\develop\Java\jdk1.8, PROMPT=$P$G, PROGRAMFILES(X86)=C:\Program Files (x86), INTELLIJ IDEA=D:\develop\IntelliJ IDEA 2018.3.4\bin;, APPDATA=C:\Users\89242\AppData\Roaming, PROGRAMW6432=C:\Program Files, SYSTEMROOT=C:\Windows, OS=Windows_NT, NODE_HOME=D:\develop\nodejs, COMMONPROGRAMW6432=C:\Program Files\Common Files, COMPUTERNAME=DESKTOP-NL6MJRG, COMMONPROGRAMFILES=C:\Program Files\Common Files, COMSPEC=C:\Windows\system32\cmd.exe, PROCESSOR_REVISION=8e0a, NLS_LANG=AMERICAN_AMERICA.ZHS16GBK, =D:=D:\develop\workspace\XC\XcEduCode01\xc-service-manage-cms, TEMP=C:\Users\89242\AppData\Local\Temp, HOMEDRIVE=C:, USERPROFILE=C:\Users\89242, TMP=C:\Users\89242\AppData\Local\Temp, NUMBER_OF_PROCESSORS=8}}]
14:42:20.584 [main] DEBUG org.springframework.test.context.support.TestPropertySourceUtils - Adding inlined properties to environment: {spring.jmx.enabled=false, org.springframework.boot.test.context.SpringBootTestContextBootstrapper=true, server.port=-1}
14:42:20.584 [main] DEBUG org.springframework.core.env.StandardEnvironment - Adding PropertySource 'Inlined Test Properties' with highest search precedence

  .   ____          _            __ _ _
 /\\ / ___'_ __ _ _(_)_ __  __ _ \ \ \ \
( ( )\___ | '_ | '_| | '_ \/ _` | \ \ \ \
 \\/  ___)| |_)| | | | | || (_| |  ) ) ) )
  '  |____| .__|_| |_|_| |_\__, | / / / /
 =========|_|==============|___/=/_/_/_/
 :: Spring Boot ::        (v2.0.1.RELEASE)

2019-08-11 14:42:20.977 [main] INFO  c.x.m.CmsConfigRepositoryTest - Starting CmsConfigRepositoryTest on DESKTOP-NL6MJRG with PID 57684 (started by 89242 in D:\develop\workspace\XC\XcEduCode01\xc-service-manage-cms)
2019-08-11 14:42:20.978 [main] INFO  c.x.m.CmsConfigRepositoryTest - No active profile set, falling back to default profiles: default
2019-08-11 14:42:21.010 [main] INFO  o.s.w.c.s.GenericWebApplicationContext - Refreshing org.springframework.web.context.support.GenericWebApplicationContext@6eb2384f: startup date [Sun Aug 11 14:42:21 CST 2019]; root of context hierarchy
2019-08-11 14:42:22.309 [main] INFO  o.s.c.s.PostProcessorRegistrationDelegate$BeanPostProcessorChecker - Bean 'org.springframework.amqp.rabbit.annotation.RabbitBootstrapConfiguration' of type [org.springframework.amqp.rabbit.annotation.RabbitBootstrapConfiguration$$EnhancerBySpringCGLIB$$ebb68de1] is not eligible for getting processed by all BeanPostProcessors (for example: not eligible for auto-proxying)
2019-08-11 14:42:23.059 [main] INFO  org.mongodb.driver.cluster - Cluster created with settings {hosts=[localhost:27017], mode=SINGLE, requiredClusterType=UNKNOWN, serverSelectionTimeout='30000 ms', maxWaitQueueSize=500}
2019-08-11 14:42:23.111 [cluster-ClusterId{value='5d4fb8cfd6757be154b04b87', description='null'}-localhost:27017] INFO  org.mongodb.driver.connection - Opened connection [connectionId{localValue:1, serverValue:367}] to localhost:27017
2019-08-11 14:42:23.113 [cluster-ClusterId{value='5d4fb8cfd6757be154b04b87', description='null'}-localhost:27017] INFO  org.mongodb.driver.cluster - Monitor thread successfully connected to server with description ServerDescription{address=localhost:27017, type=STANDALONE, state=CONNECTED, ok=true, version=ServerVersion{versionList=[3, 4, 18]}, minWireVersion=0, maxWireVersion=5, maxDocumentSize=16777216, logicalSessionTimeoutMinutes=null, roundTripTimeNanos=818062}
2019-08-11 14:42:23.413 [main] INFO  o.s.d.m.c.i.MongoPersistentEntityIndexResolver - Found cycle for field 'children' in type 'TeachplanNode' for path 'children -> children'
2019-08-11 14:42:23.414 [main] INFO  o.s.d.m.c.i.MongoPersistentEntityIndexResolver - Found cycle for field 'children' in type 'TeachplanNode' for path 'children -> children'
2019-08-11 14:42:23.415 [main] INFO  o.s.d.m.c.i.MongoPersistentEntityIndexResolver - Found cycle for field 'children' in type 'TeachplanNode' for path 'children -> children'
2019-08-11 14:42:23.416 [main] INFO  o.s.d.m.c.i.MongoPersistentEntityIndexResolver - Found cycle for field 'children' in type 'TeachplanNode' for path 'children -> children'
2019-08-11 14:42:24.047 [main] INFO  o.s.w.s.m.m.a.RequestMappingHandlerMapping - Mapped "{[/cms/config/getModel/{id}],methods=[GET]}" onto public com.xuecheng.framework.domain.cms.CmsConfig com.xuecheng.manage_cms.web.controller.CmsConfigController.getMoel(java.lang.String)
2019-08-11 14:42:24.052 [main] INFO  o.s.w.s.m.m.a.RequestMappingHandlerMapping - Mapped "{[/cms/page/add],methods=[POST]}" onto public com.xuecheng.framework.domain.cms.response.CmsPageResult com.xuecheng.manage_cms.web.controller.CmsPageController.add(com.xuecheng.framework.domain.cms.CmsPage)
2019-08-11 14:42:24.052 [main] INFO  o.s.w.s.m.m.a.RequestMappingHandlerMapping - Mapped "{[/cms/page/list/{page}/{size}],methods=[GET]}" onto public com.xuecheng.framework.model.response.QueryResponseResult com.xuecheng.manage_cms.web.controller.CmsPageController.findList(int,int,com.xuecheng.framework.domain.cms.request.QueryPageRequest)
2019-08-11 14:42:24.056 [main] INFO  o.s.w.s.m.m.a.RequestMappingHandlerMapping - Mapped "{[/swagger-resources/configuration/ui]}" onto public org.springframework.http.ResponseEntity<springfox.documentation.swagger.web.UiConfiguration> springfox.documentation.swagger.web.ApiResourceController.uiConfiguration()
2019-08-11 14:42:24.057 [main] INFO  o.s.w.s.m.m.a.RequestMappingHandlerMapping - Mapped "{[/swagger-resources]}" onto public org.springframework.http.ResponseEntity<java.util.List<springfox.documentation.swagger.web.SwaggerResource>> springfox.documentation.swagger.web.ApiResourceController.swaggerResources()
2019-08-11 14:42:24.058 [main] INFO  o.s.w.s.m.m.a.RequestMappingHandlerMapping - Mapped "{[/swagger-resources/configuration/security]}" onto public org.springframework.http.ResponseEntity<springfox.documentation.swagger.web.SecurityConfiguration> springfox.documentation.swagger.web.ApiResourceController.securityConfiguration()
2019-08-11 14:42:24.063 [main] INFO  o.s.w.s.m.m.a.RequestMappingHandlerMapping - Mapped "{[/error]}" onto public org.springframework.http.ResponseEntity<java.util.Map<java.lang.String, java.lang.Object>> org.springframework.boot.autoconfigure.web.servlet.error.BasicErrorController.error(javax.servlet.http.HttpServletRequest)
2019-08-11 14:42:24.064 [main] INFO  o.s.w.s.m.m.a.RequestMappingHandlerMapping - Mapped "{[/error],produces=[text/html]}" onto public org.springframework.web.servlet.ModelAndView org.springframework.boot.autoconfigure.web.servlet.error.BasicErrorController.errorHtml(javax.servlet.http.HttpServletRequest,javax.servlet.http.HttpServletResponse)
2019-08-11 14:42:24.235 [main] INFO  s.d.s.w.PropertySourcedRequestMappingHandlerMapping - Mapped URL path [/v2/api-docs] onto method [public org.springframework.http.ResponseEntity<springfox.documentation.spring.web.json.Json> springfox.documentation.swagger2.web.Swagger2Controller.getDocumentation(java.lang.String,javax.servlet.http.HttpServletRequest)]
2019-08-11 14:42:24.659 [main] INFO  o.s.w.s.h.SimpleUrlHandlerMapping - Mapped URL path [/**/favicon.ico] onto handler of type [class org.springframework.web.servlet.resource.ResourceHttpRequestHandler]
2019-08-11 14:42:24.814 [main] INFO  o.s.w.s.m.m.a.RequestMappingHandlerAdapter - Looking for @ControllerAdvice: org.springframework.web.context.support.GenericWebApplicationContext@6eb2384f: startup date [Sun Aug 11 14:42:21 CST 2019]; root of context hierarchy
2019-08-11 14:42:24.874 [main] INFO  o.s.w.s.h.SimpleUrlHandlerMapping - Mapped URL path [/webjars/**] onto handler of type [class org.springframework.web.servlet.resource.ResourceHttpRequestHandler]
2019-08-11 14:42:24.874 [main] INFO  o.s.w.s.h.SimpleUrlHandlerMapping - Mapped URL path [/**] onto handler of type [class org.springframework.web.servlet.resource.ResourceHttpRequestHandler]
2019-08-11 14:42:25.251 [main] INFO  o.s.u.f.SpringTemplateLoader - SpringTemplateLoader for FreeMarker: using resource loader [org.springframework.web.context.support.GenericWebApplicationContext@6eb2384f: startup date [Sun Aug 11 14:42:21 CST 2019]; root of context hierarchy] and template loader path [classpath:/templates/]
2019-08-11 14:42:25.253 [main] INFO  o.s.w.s.v.f.FreeMarkerConfigurer - ClassTemplateLoader for Spring macros added to FreeMarker configuration
2019-08-11 14:42:25.282 [main] WARN  o.s.b.a.f.FreeMarkerAutoConfiguration - Cannot find template location(s): [classpath:/templates/] (please add some templates, check your FreeMarker configuration, or set spring.freemarker.checkTemplateLocation=false)
2019-08-11 14:42:25.436 [main] INFO  o.s.c.s.DefaultLifecycleProcessor - Starting beans in phase 2147483647
2019-08-11 14:42:25.437 [main] INFO  s.d.s.w.p.DocumentationPluginsBootstrapper - Context refreshed
2019-08-11 14:42:25.452 [main] INFO  s.d.s.w.p.DocumentationPluginsBootstrapper - Found 1 custom documentation plugin(s)
2019-08-11 14:42:25.500 [main] INFO  s.d.s.w.s.ApiListingReferenceScanner - Scanning for api listing references
2019-08-11 14:42:25.711 [main] INFO  c.x.m.CmsConfigRepositoryTest - Started CmsConfigRepositoryTest in 5.115 seconds (JVM running for 6.022)
]]></system-out>
  </testcase>
</testsuite>